{"numTotalTestSuites":36,"numPassedTestSuites":30,"numFailedTestSuites":6,"numPendingTestSuites":0,"numTotalTests":86,"numPassedTests":77,"numFailedTests":9,"numPendingTests":0,"numTodoTests":0,"snapshot":{"added":0,"failure":false,"filesAdded":0,"filesRemoved":0,"filesRemovedList":[],"filesUnmatched":0,"filesUpdated":0,"matched":0,"total":0,"unchecked":0,"uncheckedKeysByFile":[],"unmatched":0,"updated":0,"didUpdate":false},"startTime":1761533261547,"success":false,"testResults":[{"assertionResults":[{"ancestorTitles":["Contexto: AuthProvider (Hook Logic)"],"fullName":"Contexto: AuthProvider (Hook Logic) deber├¡a tener el estado inicial (loading: false, user: null) si no hay localStorage","status":"passed","title":"deber├¡a tener el estado inicial (loading: false, user: null) si no hay localStorage","duration":24.335900000000038,"failureMessages":[],"meta":{}},{"ancestorTitles":["Contexto: AuthProvider (Hook Logic)"],"fullName":"Contexto: AuthProvider (Hook Logic) deber├¡a cargar el usuario desde localStorage al montar","status":"passed","title":"deber├¡a cargar el usuario desde localStorage al montar","duration":5.179499999999734,"failureMessages":[],"meta":{}},{"ancestorTitles":["Contexto: AuthProvider (Hook Logic)"],"fullName":"Contexto: AuthProvider (Hook Logic) deber├¡a limpiar localStorage si los datos est├ín corruptos o incompletos","status":"passed","title":"deber├¡a limpiar localStorage si los datos est├ín corruptos o incompletos","duration":4.761700000000019,"failureMessages":[],"meta":{}},{"ancestorTitles":["Contexto: AuthProvider (Hook Logic)"],"fullName":"Contexto: AuthProvider (Hook Logic) deber├¡a loguear un usuario, actualizar el estado y guardar en localStorage","status":"passed","title":"deber├¡a loguear un usuario, actualizar el estado y guardar en localStorage","duration":5.077600000000075,"failureMessages":[],"meta":{}},{"ancestorTitles":["Contexto: AuthProvider (Hook Logic)"],"fullName":"Contexto: AuthProvider (Hook Logic) deber├¡a desloguear un usuario, limpiar el estado y limpiar localStorage","status":"passed","title":"deber├¡a desloguear un usuario, limpiar el estado y limpiar localStorage","duration":4.3192000000003645,"failureMessages":[],"meta":{}},{"ancestorTitles":["Componente: RequireAuth"],"fullName":"Componente: RequireAuth deber├¡a redirigir a / (login) si no est├í logueado","status":"passed","title":"deber├¡a redirigir a / (login) si no est├í logueado","duration":22.86299999999983,"failureMessages":[],"meta":{}},{"ancestorTitles":["Componente: RequireAuth"],"fullName":"Componente: RequireAuth deber├¡a renderizar el children si est├í logueado","status":"passed","title":"deber├¡a renderizar el children si est├í logueado","duration":4.685100000000148,"failureMessages":[],"meta":{}},{"ancestorTitles":["Componente: RequireAdmin"],"fullName":"Componente: RequireAdmin deber├¡a redirigir a / (login) si no est├í logueado","status":"passed","title":"deber├¡a redirigir a / (login) si no est├í logueado","duration":3.8229999999998654,"failureMessages":[],"meta":{}},{"ancestorTitles":["Componente: RequireAdmin"],"fullName":"Componente: RequireAdmin deber├¡a redirigir a /home si es un Cliente (no admin)","status":"passed","title":"deber├¡a redirigir a /home si es un Cliente (no admin)","duration":3.9211999999997715,"failureMessages":[],"meta":{}},{"ancestorTitles":["Componente: RequireAdmin"],"fullName":"Componente: RequireAdmin deber├¡a renderizar el children si es un Administrador","status":"passed","title":"deber├¡a renderizar el children si es un Administrador","duration":4.304399999999987,"failureMessages":[],"meta":{}}],"startTime":1761533267445,"endTime":1761533267529.3044,"status":"passed","message":"","name":"C:/Users/JOAQUIN/Desktop/Peluchemania/NuevoProyecto/__test__/AuthContext.test.jsx"},{"assertionResults":[{"ancestorTitles":["Componente: Blog (blog.jsx)"],"fullName":"Componente: Blog (blog.jsx) deber├¡a renderizar el t├¡tulo principal de la p├ígina","status":"passed","title":"deber├¡a renderizar el t├¡tulo principal de la p├ígina","duration":126.44329999999991,"failureMessages":[],"meta":{}},{"ancestorTitles":["Componente: Blog (blog.jsx)"],"fullName":"Componente: Blog (blog.jsx) deber├¡a renderizar la lista de art├¡culos del blog","status":"passed","title":"deber├¡a renderizar la lista de art├¡culos del blog","duration":30.934700000000248,"failureMessages":[],"meta":{}},{"ancestorTitles":["Componente: Blog (blog.jsx)"],"fullName":"Componente: Blog (blog.jsx) deber├¡a tener los links correctos para cada art├¡culo","status":"passed","title":"deber├¡a tener los links correctos para cada art├¡culo","duration":37.5636999999997,"failureMessages":[],"meta":{}}],"startTime":1761533267429,"endTime":1761533267624.5637,"status":"passed","message":"","name":"C:/Users/JOAQUIN/Desktop/Peluchemania/NuevoProyecto/__test__/blog.test.jsx"},{"assertionResults":[{"ancestorTitles":["P├ígina Carro"],"fullName":"P├ígina Carro 1. muestra \"carrito vac├¡o\" si no hay items","status":"passed","title":"1. muestra \"carrito vac├¡o\" si no hay items","duration":189.20600000000013,"failureMessages":[],"meta":{}},{"ancestorTitles":["P├ígina Carro"],"fullName":"P├ígina Carro 2. muestra items y totales (Usuario Deslogueado)","status":"passed","title":"2. muestra items y totales (Usuario Deslogueado)","duration":214.3384000000001,"failureMessages":[],"meta":{}},{"ancestorTitles":["P├ígina Carro"],"fullName":"P├ígina Carro 3. muestra la direcci├│n si el usuario est├í logueado","status":"passed","title":"3. muestra la direcci├│n si el usuario est├í logueado","duration":79.27739999999994,"failureMessages":[],"meta":{}},{"ancestorTitles":["P├ígina Carro"],"fullName":"P├ígina Carro 4. las funciones del carrito (+, -, eliminar) son llamadas","status":"passed","title":"4. las funciones del carrito (+, -, eliminar) son llamadas","duration":77.4049,"failureMessages":[],"meta":{}},{"ancestorTitles":["P├ígina Carro"],"fullName":"P├ígina Carro 5. navega a /checkout si el usuario est├í logueado","status":"passed","title":"5. navega a /checkout si el usuario est├í logueado","duration":54.26110000000017,"failureMessages":[],"meta":{}},{"ancestorTitles":["P├ígina Carro"],"fullName":"P├ígina Carro 6. muestra \"Error: No hay direcci├│n registrada\" si el usuario no tiene direcci├│n","status":"passed","title":"6. muestra \"Error: No hay direcci├│n registrada\" si el usuario no tiene direcci├│n","duration":41.0295000000001,"failureMessages":[],"meta":{}}],"startTime":1761533264950,"endTime":1761533265606.0295,"status":"passed","message":"","name":"C:/Users/JOAQUIN/Desktop/Peluchemania/NuevoProyecto/__test__/carro.test.jsx"},{"assertionResults":[{"ancestorTitles":["Contexto: CartContext"],"fullName":"Contexto: CartContext deber├¡a tener un carrito vac├¡o inicialmente","status":"passed","title":"deber├¡a tener un carrito vac├¡o inicialmente","duration":24.96810000000005,"failureMessages":[],"meta":{}},{"ancestorTitles":["Contexto: CartContext"],"fullName":"Contexto: CartContext deber├¡a agregar un nuevo producto al carrito","status":"passed","title":"deber├¡a agregar un nuevo producto al carrito","duration":6.945099999999911,"failureMessages":[],"meta":{}},{"ancestorTitles":["Contexto: CartContext"],"fullName":"Contexto: CartContext deber├¡a incrementar la cantidad de un producto existente","status":"passed","title":"deber├¡a incrementar la cantidad de un producto existente","duration":4.411600000000135,"failureMessages":[],"meta":{}},{"ancestorTitles":["Contexto: CartContext"],"fullName":"Contexto: CartContext deber├¡a agregar m├║ltiples productos diferentes","status":"passed","title":"deber├¡a agregar m├║ltiples productos diferentes","duration":5.033000000000129,"failureMessages":[],"meta":{}},{"ancestorTitles":["Contexto: CartContext"],"fullName":"Contexto: CartContext deber├¡a decrementar la cantidad de un producto","status":"passed","title":"deber├¡a decrementar la cantidad de un producto","duration":4.753099999999904,"failureMessages":[],"meta":{}},{"ancestorTitles":["Contexto: CartContext"],"fullName":"Contexto: CartContext deber├¡a eliminar el producto si la cantidad es 1 al usar removeFromCart","status":"passed","title":"deber├¡a eliminar el producto si la cantidad es 1 al usar removeFromCart","duration":3.3134999999999764,"failureMessages":[],"meta":{}},{"ancestorTitles":["Contexto: CartContext"],"fullName":"Contexto: CartContext deber├¡a eliminar un producto por completo (removeItem), sin importar la cantidad","status":"passed","title":"deber├¡a eliminar un producto por completo (removeItem), sin importar la cantidad","duration":3.325399999999945,"failureMessages":[],"meta":{}},{"ancestorTitles":["Contexto: CartContext"],"fullName":"Contexto: CartContext deber├¡a vaciar el carrito por completo (clearCart)","status":"passed","title":"deber├¡a vaciar el carrito por completo (clearCart)","duration":2.825399999999945,"failureMessages":[],"meta":{}}],"startTime":1761533267370,"endTime":1761533267425.8254,"status":"passed","message":"","name":"C:/Users/JOAQUIN/Desktop/Peluchemania/NuevoProyecto/__test__/cartContext.test.jsx"},{"assertionResults":[{"ancestorTitles":["P├ígina Categoria"],"fullName":"P├ígina Categoria 1. Muestra estado de carga inicial","status":"passed","title":"1. Muestra estado de carga inicial","duration":84.38830000000007,"failureMessages":[],"meta":{}},{"ancestorTitles":["P├ígina Categoria"],"fullName":"P├ígina Categoria 2. Muestra el t├¡tulo y productos para la categor├¡a 1","status":"passed","title":"2. Muestra el t├¡tulo y productos para la categor├¡a 1","duration":142.11200000000008,"failureMessages":[],"meta":{}},{"ancestorTitles":["P├ígina Categoria"],"fullName":"P├ígina Categoria 3. Muestra mensaje \"No hay productos\" para la categor├¡a 2","status":"passed","title":"3. Muestra mensaje \"No hay productos\" para la categor├¡a 2","duration":35.2811999999999,"failureMessages":[],"meta":{}},{"ancestorTitles":["P├ígina Categoria"],"fullName":"P├ígina Categoria 4. Muestra mensaje de error si la API falla para categor├¡a 99","status":"passed","title":"4. Muestra mensaje de error si la API falla para categor├¡a 99","duration":56.009799999999814,"failureMessages":[],"meta":{}}],"startTime":1761533264950,"endTime":1761533265268.0098,"status":"passed","message":"","name":"C:/Users/JOAQUIN/Desktop/Peluchemania/NuevoProyecto/__test__/categoria.test.jsx"},{"assertionResults":[{"ancestorTitles":["P├ígina Categorias"],"fullName":"P├ígina Categorias 1. Muestra estado de carga inicial","status":"passed","title":"1. Muestra estado de carga inicial","duration":75.55249999999978,"failureMessages":[],"meta":{}},{"ancestorTitles":["P├ígina Categorias"],"fullName":"P├ígina Categorias 2. Muestra la lista de categor├¡as despu├®s de cargar","status":"passed","title":"2. Muestra la lista de categor├¡as despu├®s de cargar","duration":214.65520000000015,"failureMessages":[],"meta":{}},{"ancestorTitles":["P├ígina Categorias"],"fullName":"P├ígina Categorias 3. Muestra mensaje si la API falla","status":"passed","title":"3. Muestra mensaje si la API falla","duration":50.645100000000184,"failureMessages":[],"meta":{}}],"startTime":1761533264950,"endTime":1761533265290.645,"status":"passed","message":"","name":"C:/Users/JOAQUIN/Desktop/Peluchemania/NuevoProyecto/__test__/categorias.test.jsx"},{"assertionResults":[{"ancestorTitles":["P├ígina Checkout"],"fullName":"P├ígina Checkout 1. Redirige a / si el usuario no est├í logueado","status":"passed","title":"1. Redirige a / si el usuario no est├í logueado","duration":148.22960000000012,"failureMessages":[],"meta":{}},{"ancestorTitles":["P├ígina Checkout"],"fullName":"P├ígina Checkout 2. Redirige a /carro si el carrito est├í vac├¡o","status":"passed","title":"2. Redirige a /carro si el carrito est├í vac├¡o","duration":30.99440000000004,"failureMessages":[],"meta":{}},{"ancestorTitles":["P├ígina Checkout"],"fullName":"P├ígina Checkout 3. Muestra formulario y resumen (pre-poblado con direcci├│n)","status":"passed","title":"3. Muestra formulario y resumen (pre-poblado con direcci├│n)","duration":225.81529999999975,"failureMessages":[],"meta":{}},{"ancestorTitles":["P├ígina Checkout"],"fullName":"P├ígina Checkout 4. Muestra error de validaci├│n si un campo est├í vac├¡o","status":"passed","title":"4. Muestra error de validaci├│n si un campo est├í vac├¡o","duration":99.78459999999995,"failureMessages":[],"meta":{}},{"ancestorTitles":["P├ígina Checkout"],"fullName":"P├ígina Checkout 5. Env├¡a el formulario y muestra pantalla de ├®xito","status":"passed","title":"5. Env├¡a el formulario y muestra pantalla de ├®xito","duration":111.54510000000028,"failureMessages":[],"meta":{}},{"ancestorTitles":["P├ígina Checkout"],"fullName":"P├ígina Checkout 6. Muestra un error si la API falla (ok: false)","status":"failed","title":"6. Muestra un error si la API falla (ok: false)","duration":1075.3148,"failureMessages":["Error: Unable to find an element with the text: Error simulado desde el servidor. This could be because the text is broken up by multiple elements. In this case, you can provide a function for your text matcher to make your matcher more flexible.\n\nIgnored nodes: comments, script, style\n\u001b[36m<body>\u001b[39m\n  \u001b[36m<div>\u001b[39m\n    \u001b[36m<div\u001b[39m\n      \u001b[33mclass\u001b[39m=\u001b[32m\"container\"\u001b[39m\n      \u001b[33mstyle\u001b[39m=\u001b[32m\"padding-top: 3rem; padding-bottom: 3rem;\"\u001b[39m\n    \u001b[36m>\u001b[39m\n      \u001b[36m<h1\u001b[39m\n        \u001b[33mclass\u001b[39m=\u001b[32m\"mb-2\"\u001b[39m\n      \u001b[36m>\u001b[39m\n        \u001b[0mCheckout\u001b[0m\n      \u001b[36m</h1>\u001b[39m\n      \u001b[36m<div\u001b[39m\n        \u001b[33mclass\u001b[39m=\u001b[32m\"cart-grid\"\u001b[39m\n      \u001b[36m>\u001b[39m\n        \u001b[36m<section>\u001b[39m\n          \u001b[36m<div\u001b[39m\n            \u001b[33mclass\u001b[39m=\u001b[32m\"form-shell\"\u001b[39m\n          \u001b[36m>\u001b[39m\n            \u001b[36m<h2\u001b[39m\n              \u001b[33mstyle\u001b[39m=\u001b[32m\"margin-top: 0px;\"\u001b[39m\n            \u001b[36m>\u001b[39m\n              \u001b[0mDirecci├│n de Env├¡o\u001b[0m\n            \u001b[36m</h2>\u001b[39m\n            \u001b[36m<form\u001b[39m\n              \u001b[33mnovalidate\u001b[39m=\u001b[32m\"\"\u001b[39m\n            \u001b[36m>\u001b[39m\n              \u001b[36m<div\u001b[39m\n                \u001b[33mclass\u001b[39m=\u001b[32m\"form-group\"\u001b[39m\n              \u001b[36m>\u001b[39m\n                \u001b[36m<label\u001b[39m\n                  \u001b[33mclass\u001b[39m=\u001b[32m\"form-label\"\u001b[39m\n                  \u001b[33mfor\u001b[39m=\u001b[32m\"chkRegion\"\u001b[39m\n                \u001b[36m>\u001b[39m\n                  \u001b[0mRegi├│n\u001b[0m\n                \u001b[36m</label>\u001b[39m\n                \u001b[36m<div\u001b[39m\n                  \u001b[33mclass\u001b[39m=\u001b[32m\"input-icon-wrapper\"\u001b[39m\n                \u001b[36m>\u001b[39m\n                  \u001b[36m<input\u001b[39m\n                    \u001b[33mclass\u001b[39m=\u001b[32m\"form-control\"\u001b[39m\n                    \u001b[33mid\u001b[39m=\u001b[32m\"chkRegion\"\u001b[39m\n                    \u001b[33mplaceholder\u001b[39m=\u001b[32m\"Regi├│n\"\u001b[39m\n                    \u001b[33mtype\u001b[39m=\u001b[32m\"text\"\u001b[39m\n                    \u001b[33mvalue\u001b[39m=\u001b[32m\"Metropolitana\"\u001b[39m\n                  \u001b[36m/>\u001b[39m\n                  \u001b[36m<svg\u001b[39m\n                    \u001b[33mclass\u001b[39m=\u001b[32m\"input-icon\"\u001b[39m\n                    \u001b[33mfill\u001b[39m=\u001b[32m\"currentColor\"\u001b[39m\n                    \u001b[33mheight\u001b[39m=\u001b[32m\"1em\"\u001b[39m\n                    \u001b[33mstroke\u001b[39m=\u001b[32m\"currentColor\"\u001b[39m\n                    \u001b[33mstroke-width\u001b[39m=\u001b[32m\"0\"\u001b[39m\n                    \u001b[33mviewBox\u001b[39m=\u001b[32m\"0 0 384 512\"\u001b[39m\n                    \u001b[33mwidth\u001b[39m=\u001b[32m\"1em\"\u001b[39m\n                    \u001b[33mxmlns\u001b[39m=\u001b[32m\"http://www.w3.org/2000/svg\"\u001b[39m\n                  \u001b[36m>\u001b[39m\n                    \u001b[36m<path\u001b[39m\n                      \u001b[33md\u001b[39m=\u001b[32m\"M172.268 501.67C26.97 291.031 0 269.413 0 192 0 85.961 85.961 0 192 0s192 85.961 192 192c0 77.413-26.97 99.031-172.268 309.67-9.535 13.774-29.93 13.773-39.464 0zM192 272c44.183 0 80-35.817 80-80s-35.817-80-80-80-80 35.817-80 80 35.817 80 80 80z\"\u001b[39m\n                    \u001b[36m/>\u001b[39m\n                  \u001b[36m</svg>\u001b[39m\n                \u001b[36m</div>\u001b[39m\n              \u001b[36m</div>\u001b[39m\n              \u001b[36m<div\u001b[39m\n                \u001b[33mclass\u001b[39m=\u001b[32m\"form-group\"\u001b[39m\n              \u001b[36m>\u001b[39m\n                \u001b[36m<label\u001b[39m\n                  \u001b[33mclass\u001b[39m=\u001b[32m\"form-label\"\u001b[39m\n                  \u001b[33mfor\u001b[39m=\u001b[32m\"chkComuna\"\u001b[39m\n                \u001b[36m>\u001b[39m\n                  \u001b[0mComuna\u001b[0m\n                \u001b[36m</label>\u001b[39m\n                \u001b[36m<div\u001b[39m\n                  \u001b[33mclass\u001b[39m=\u001b[32m\"input-icon-wrapper\"\u001b[39m\n                \u001b[36m>\u001b[39m\n                  \u001b[36m<input\u001b[39m\n                    \u001b[33mclass\u001b[39m=\u001b[32m\"form-control\"\u001b[39m\n                    \u001b[33mid\u001b[39m=\u001b[32m\"chkComuna\"\u001b[39m\n                    \u001b[33mplaceholder\u001b[39m=\u001b[32m\"Comuna\"\u001b[39m\n                    \u001b[33mtype\u001b[39m=\u001b[32m\"text\"\u001b[39m\n                    \u001b[33mvalue\u001b[39m=\u001b[32m\"Santiago\"\u001b[39m\n                  \u001b[36m/>\u001b[39m\n                  \u001b[36m<svg\u001b[39m\n                    \u001b[33mclass\u001b[39m=\u001b[32m\"input-icon\"\u001b[39m\n                    \u001b[33mfill\u001b[39m=\u001b[32m\"currentColor\"\u001b[39m\n                    \u001b[33mheight\u001b[39m=\u001b[32m\"1em\"\u001b[39m\n                    \u001b[33mstroke\u001b[39m=\u001b[32m\"currentColor\"\u001b[39m\n                    \u001b[33mstroke-width\u001b[39m=\u001b[32m\"0\"\u001b[39m\n                    \u001b[33mviewBox\u001b[39m=\u001b[32m\"0 0 384 512\"\u001b[39m\n                    \u001b[33mwidth\u001b[39m=\u001b[32m\"1em\"\u001b[39m\n                    \u001b[33mxmlns\u001b[39m=\u001b[32m\"http://www.w3.org/2000/svg\"\u001b[39m\n                  \u001b[36m>\u001b[39m\n                    \u001b[36m<path\u001b[39m\n                      \u001b[33md\u001b[39m=\u001b[32m\"M172.268 501.67C26.97 291.031 0 269.413 0 192 0 85.961 85.961 0 192 0s192 85.961 192 192c0 77.413-26.97 99.031-172.268 309.67-9.535 13.774-29.93 13.773-39.464 0zM192 272c44.183 0 80-35.817 80-80s-35.817-80-80-80-80 35.817-80 80 35.817 80 80 80z\"\u001b[39m\n                    \u001b[36m/>\u001b[39m\n                  \u001b[36m</svg>\u001b[39m\n                \u001b[36m</div>\u001b[39m\n              \u001b[36m</div>\u001b[39m\n              \u001b[36m<div\u001b[39m\n                \u001b[33mclass\u001b[39m=\u001b[32m\"form-group\"\u001b[39m\n              \u001b[36m>\u001b[39m\n                \u001b[36m<label\u001b[39m\n                  \u001b[33mclass\u001b[39m=\u001b[32m\"form-label\"\u001b[39m\n                  \u001b[33mfor\u001b[39m=\u001b[32m\"chkCalle\"\u001b[39m\n                \u001b[36m>\u001b[39m\n                  \u001b[0mCalle y Numeraci├│n\u001b[0m\n                \u001b[36m</label>\u001b[39m\n                \u001b[36m<div\u001b[39m\n                  \u001b[33mclass\u001b[39m=\u001b[32m\"input-icon-wrapper\"\u001b[39m\n                \u001b[36m>\u001b[39m\n                  \u001b[36m<input\u001b[39m\n                    \u001b[33mclass\u001b[39m=\u001b[32m\"form-control\"\u001b[39m\n                    \u001b[33mid\u001b[39m=\u001b[32m\"chkCalle\"\u001b[39m\n                    \u001b[33mplaceholder\u001b[39m=\u001b[32m\"Ej: Av. Vicu├▒a Mackenna 4860\"\u001b[39m\n                    \u001b[33mtype\u001b[39m=\u001b[32m\"text\"\u001b[39m\n                    \u001b[33mvalue\u001b[39m=\u001b[32m\"Calle Falsa 123\"\u001b[39m\n                  \u001b[36m/>\u001b[39m\n                  \u001b[36m<svg\u001b[39m\n                    \u001b[33mclass\u001b[39m=\u001b[32m\"input-icon\"\u001b[39m\n                    \u001b[33mfill\u001b[39m=\u001b[32m\"currentColor\"\u001b[39m\n                    \u001b[33mheight\u001b[39m=\u001b[32m\"1em\"\u001b[39m\n                    \u001b[33mstroke\u001b[39m=\u001b[32m\"currentColor\"\u001b[39m\n                    \u001b[33mstroke-width\u001b[39m=\u001b[32m\"0\"\u001b[39m\n                    \u001b[33mviewBox\u001b[39m=\u001b[32m\"0 0 576 512\"\u001b[39m\n                    \u001b[33mwidth\u001b[39m=\u001b[32m\"1em\"\u001b[39m\n                    \u001b[33mxmlns\u001b[39m=\u001b[32m\"http://www.w3.org/2000/svg\"\u001b[39m\n                  \u001b[36m>\u001b[39m\n                    \u001b[36m<path\u001b[39m\n                      \u001b[33md\u001b[39m=\u001b[32m\"M280.37 148.26L96 300.11V464a16 16 0 0 0 16 16l112.06-.29a16 16 0 0 0 15.92-16V368a16 16 0 0 1 16-16h64a16 16 0 0 1 16 16v95.64a16 16 0 0 0 16 16.05L464 480a16 16 0 0 0 16-16V300L295.67 148.26a12.19 12.19 0 0 0-15.3 0zM571.6 251.47L488 182.56V44.05a12 12 0 0 0-12-12h-56a12 12 0 0 0-12 12v72.61L318.47 43a48 48 0 0 0-61 0L4.34 251.47a12 12 0 0 0-1.6 16.9l25.5 31A12 12 0 0 0 45.15 301l235.22-193.74a12.19 12.19 0 0 1 15.3 0L530.9 301a12 12 0 0 0 16.9-1.6l25.5-31a12 12 0 0 0-1.7-16.93z\"\u001b[39m\n                    \u001b[36m/>\u001b[39m\n                  \u001b[36m</svg>\u001b[39m\n                \u001b[36m</div>\u001b[39m\n              \u001b[36m</div>\u001b[39m\n              \u001b[36m<div\u001b[39m\n                \u001b[33mclass\u001b[39m=\u001b[32m\"form-group\"\u001b[39m\n              \u001b[36m>\u001b[39m\n                \u001b[36m<label\u001b[39m\n                  \u001b[33mclass\u001b[39m=\u001b[32m\"form-label\"\u001b[39m\n                  \u001b[33mfor\u001b[39m=\u001b[32m\"chkDepto\"\u001b[39m\n                \u001b[36m>\u001b[39m\n                  \u001b[0mDepartamento / Casa (Opcional)\u001b[0m\n                \u001b[36m</label>\u001b[39m\n                \u001b[36m<div\u001b[39m\n                  \u001b[33mclass\u001b[39m=\u001b[32m\"input-icon-wrapper\"\u001b[39m\n                \u001b[36m>\u001b[39m\n                  \u001b[36m<input\u001b[39m\n                    \u001b[33mclass\u001b[39m=\u001b[32m\"form-control\"\u001b[39m\n                    \u001b[33mid\u001b[39m=\u001b[32m\"chkDepto\"\u001b[39m\n                    \u001b[33mplaceholder\u001b[39m=\u001b[32m\"Ej: Depto 501\"\u001b[39m\n                    \u001b[33mtype\u001b[39m=\u001b[32m\"text\"\u001b[39m\n                    \u001b[33mvalue\u001b[39m=\u001b[32m\"Apto 4B\"\u001b[39m\n                  \u001b[36m/>\u001b[39m\n                  \u001b[36m<svg\u001b[39m\n                    \u001b[33mclass\u001b[39m=\u001b[32m\"input-icon\"\u001b[39m\n                    \u001b[33mfill\u001b[39m=\u001b[32m\"currentColor\"\u001b[39m\n                    \u001b[33mheight\u001b[39m=\u001b[32m\"1em\"\u001b[39m\n                    \u001b[33mstroke\u001b[39m=\u001b[32m\"currentColor\"\u001b[39m\n                    \u001b[33mstroke-width\u001b[39m=\u001b[32m\"0\"\u001b[39m\n                    \u001b[33mviewBox\u001b[39m=\u001b[32m\"0 0 576 512\"\u001b[39m\n                    \u001b[33mwidth\u001b[39m=\u001b[32m\"1em\"\u001b[39m\n                    \u001b[33mxmlns\u001b[39m=\u001b[32m\"http://www.w3.org/2000/svg\"\u001b[39m\n                  \u001b[36m>\u001b[39m\n                    \u001b[36m<path\u001b[39m\n                      \u001b[33md\u001b[39m=\u001b[32m\"M280.37 148.26L96 300.11V464a16 16 0 0 0 16 16l112.06-.29a16 16 0 0 0 15.92-16V368a16 16 0 0 1 16-16h64a16 16 0 0 1 16 16v95.64a16 16 0 0 0 16 16.05L464 480a16 16 0 0 0 16-16V300L295.67 148.26a12.19 12.19 0 0 0-15.3 0zM571.6 251.47L488 182.56V44.05a12 12 0 0 0-12-12h-56a12 12 0 0 0-12 12v72.61L318.47 43a48 48 0 0 0-61 0L4.34 251.47a12 12 0 0 0-1.6 16.9l25.5 31A12 12 0 0 0 45.15 301l235.22-193.74a12.19 12.19 0 0 1 15.3 0L530.9 301a12 12 0 0 0 16.9-1.6l25.5-31a12 12 0 0 0-1.7-16.93z\"\u001b[39m\n                    \u001b[36m/>\u001b[39m\n                  \u001b[36m</svg>\u001b[39m\n                \u001b[36m</div>\u001b[39m\n              \u001b[36m</div>\u001b[39m\n              \u001b[36m<button\u001b[39m\n                \u001b[33mclass\u001b[39m=\u001b[32m\"btn btn-primary btn-block\"\u001b[39m\n                \u001b[33mtype\u001b[39m=\u001b[32m\"submit\"\u001b[39m\n              \u001b[36m>\u001b[39m\n                \u001b[0mConfirmar y Pagar\u001b[0m\n              \u001b[36m</button>\u001b[39m\n              \u001b[36m<a\u001b[39m\n                \u001b[33mclass\u001b[39m=\u001b[32m\"text-center\"\u001b[39m\n                \u001b[33mdata-discover\u001b[39m=\u001b[32m\"true\"\u001b[39m\n                \u001b[33mhref\u001b[39m=\u001b[32m\"/carro\"\u001b[39m\n                \u001b[33mstyle\u001b[39m=\u001b[32m\"display: block; margin-top: 12px;\"\u001b[39m\n              \u001b[36m>\u001b[39m\n                \u001b[0mVolver al Carrito\u001b[0m\n              \u001b[36m</a>\u001b[39m\n            \u001b[36m</form>\u001b[39m\n          \u001b[36m</div>\u001b[39m\n        \u001b[36m</section>\u001b[39m\n        \u001b[36m<aside\u001b[39m\n          \u001b[33mclass\u001b[39m=\u001b[32m\"summary card\"\u001b[39m\n        \u001b[36m>\u001b[39m\n          \u001b[36m<h2>\u001b[39m\n            \u001b[0mResumen\u001b[0m\n          \u001b[36m</h2>\u001b[39m\n          \u001b[36m<div>\u001b[39m\n            \u001b[36m<div\u001b[39m\n              \u001b[33mclass\u001b[39m=\u001b[32m\"cart-item\"\u001b[39m\n              \u001b[33mstyle\u001b[39m=\u001b[32m\"padding: 0.75rem 0px; box-shadow: none;\"\u001b[39m\n            \u001b[36m>\u001b[39m\n              \u001b[36m<img\u001b[39m\n                \u001b[33malt\u001b[39m=\u001b[32m\"Peluche de Prueba\"\u001b[39m\n                \u001b[33msrc\u001b[39m=\u001b[32m\"img1.jpg\"\u001b[39m\n                \u001b[33mstyle\u001b[39m=\u001b[32m\"width: 64px; height: 64px; object-fit: cover; border-radius: 8px;\"\u001b[39m\n              \u001b[36m/>\u001b[39m\n              \u001b[36m<div\u001b[39m\n                \u001b[33mstyle\u001b[39m=\u001b[32m\"flex: 1 1 0%;\"\u001b[39m\n              \u001b[36m>\u001b[39m\n                \u001b[36m<div\u001b[39m\n                  \u001b[33mstyle\u001b[39m=\u001b[32m\"font-weight: 700;\"\u001b[39m\n                \u001b[36m>\u001b[39m\n                  \u001b[0mPeluche de Prueba\u001b[0m\n                \u001b[36m</div>\u001b[39m\n                \u001b[36m<div\u001b[39m\n                  \u001b[33mstyle\u001b[39m=\u001b[32m\"color: var(--muted);\"\u001b[39m\n                \u001b[36m>\u001b[39m\n                  \u001b[0m2\u001b[0m\n                  \u001b[0m ├ù \u001b[0m\n                  \u001b[0m$1.000\u001b[0m\n                \u001b[36m</div>\u001b[39m\n              \u001b[36m</div>\u001b[39m\n              \u001b[36m<div\u001b[39m\n                \u001b[33mstyle\u001b[39m=\u001b[32m\"font-weight: 700;\"\u001b[39m\n              \u001b[36m>\u001b[39m\n                \u001b[0m$2.000\u001b[0m\n              \u001b[36m</div>\u001b[39m\n            \u001b[36m</div>\u001b[39m\n          \u001b[36m</div>\u001b[39m\n          \u001b[36m<div\u001b[39m\n            \u001b[33mclass\u001b[39m=\u001b[32m\"summary-total\"\u001b[39m\n          \u001b[36m>\u001b[39m\n            \u001b[36m<span>\u001b[39m\n              \u001b[0mTotal\u001b[0m\n            \u001b[36m</span>\u001b[39m\n            \u001b[36m<span\u001b[39m\n              \u001b[33mstyle\u001b[39m=\u001b[32m\"font-weight: 800; font-size: 1.2rem;\"\u001b[39m\n            \u001b[36m>\u001b[39m\n              \u001b[0m$2.000\u001b[0m\n            \u001b[36m</span>\u001b[39m\n          \u001b[36m</div>\u001b[39m\n          \u001b[36m<div\u001b[39m\n            \u001b[33mstyle\u001b[39m=\u001b[32m\"margin-top: 0.75rem; font-size: 0.9rem; color: var(--brand-hover);\"\u001b[39m\n          \u001b[36m>\u001b[39m\n            \u001b[0m*El env├¡o usa tu direcci├│n indicada a la izquierda.\u001b[0m\n          \u001b[36m</div>\u001b[39m\n        \u001b[36m</aside>\u001b[39m\n      \u001b[36m</div>\u001b[39m\n    \u001b[36m</div>\u001b[39m\n  \u001b[36m</div>\u001b[39m\n\u001b[36m</body>\u001b[39m\n    at Proxy.waitForWrapper (C:\\Users\\JOAQUIN\\Desktop\\Peluchemania\\NuevoProyecto\\node_modules\\@testing-library\\dom\\dist\\wait-for.js:163:27)\n    at C:/Users/JOAQUIN/Desktop/Peluchemania/NuevoProyecto/__test__/checkout.test.jsx:151:11\n    at file:///C:/Users/JOAQUIN/Desktop/Peluchemania/NuevoProyecto/node_modules/@vitest/runner/dist/index.js:157:11\n    at file:///C:/Users/JOAQUIN/Desktop/Peluchemania/NuevoProyecto/node_modules/@vitest/runner/dist/index.js:753:26\n    at file:///C:/Users/JOAQUIN/Desktop/Peluchemania/NuevoProyecto/node_modules/@vitest/runner/dist/index.js:1636:20\n    at new Promise (<anonymous>)\n    at runWithTimeout (file:///C:/Users/JOAQUIN/Desktop/Peluchemania/NuevoProyecto/node_modules/@vitest/runner/dist/index.js:1602:10)\n    at runTest (file:///C:/Users/JOAQUIN/Desktop/Peluchemania/NuevoProyecto/node_modules/@vitest/runner/dist/index.js:1309:12)\n    at runSuite (file:///C:/Users/JOAQUIN/Desktop/Peluchemania/NuevoProyecto/node_modules/@vitest/runner/dist/index.js:1468:8)\n    at runSuite (file:///C:/Users/JOAQUIN/Desktop/Peluchemania/NuevoProyecto/node_modules/@vitest/runner/dist/index.js:1468:8)"],"meta":{}},{"ancestorTitles":["P├ígina Checkout"],"fullName":"P├ígina Checkout 7. Muestra un error si fetch es rechazado (error de red)","status":"failed","title":"7. Muestra un error si fetch es rechazado (error de red)","duration":1034.6018000000004,"failureMessages":["Error: Unable to find an element with the text: No se pudo conectar con el servidor o ocurri├│ un error interno.. This could be because the text is broken up by multiple elements. In this case, you can provide a function for your text matcher to make your matcher more flexible.\n\nIgnored nodes: comments, script, style\n\u001b[36m<body>\u001b[39m\n  \u001b[36m<div>\u001b[39m\n    \u001b[36m<div\u001b[39m\n      \u001b[33mclass\u001b[39m=\u001b[32m\"container\"\u001b[39m\n      \u001b[33mstyle\u001b[39m=\u001b[32m\"padding-top: 3rem; padding-bottom: 3rem;\"\u001b[39m\n    \u001b[36m>\u001b[39m\n      \u001b[36m<h1\u001b[39m\n        \u001b[33mclass\u001b[39m=\u001b[32m\"mb-2\"\u001b[39m\n      \u001b[36m>\u001b[39m\n        \u001b[0mCheckout\u001b[0m\n      \u001b[36m</h1>\u001b[39m\n      \u001b[36m<div\u001b[39m\n        \u001b[33mclass\u001b[39m=\u001b[32m\"cart-grid\"\u001b[39m\n      \u001b[36m>\u001b[39m\n        \u001b[36m<section>\u001b[39m\n          \u001b[36m<div\u001b[39m\n            \u001b[33mclass\u001b[39m=\u001b[32m\"form-shell\"\u001b[39m\n          \u001b[36m>\u001b[39m\n            \u001b[36m<h2\u001b[39m\n              \u001b[33mstyle\u001b[39m=\u001b[32m\"margin-top: 0px;\"\u001b[39m\n            \u001b[36m>\u001b[39m\n              \u001b[0mDirecci├│n de Env├¡o\u001b[0m\n            \u001b[36m</h2>\u001b[39m\n            \u001b[36m<form\u001b[39m\n              \u001b[33mnovalidate\u001b[39m=\u001b[32m\"\"\u001b[39m\n            \u001b[36m>\u001b[39m\n              \u001b[36m<div\u001b[39m\n                \u001b[33mclass\u001b[39m=\u001b[32m\"form-group\"\u001b[39m\n              \u001b[36m>\u001b[39m\n                \u001b[36m<label\u001b[39m\n                  \u001b[33mclass\u001b[39m=\u001b[32m\"form-label\"\u001b[39m\n                  \u001b[33mfor\u001b[39m=\u001b[32m\"chkRegion\"\u001b[39m\n                \u001b[36m>\u001b[39m\n                  \u001b[0mRegi├│n\u001b[0m\n                \u001b[36m</label>\u001b[39m\n                \u001b[36m<div\u001b[39m\n                  \u001b[33mclass\u001b[39m=\u001b[32m\"input-icon-wrapper\"\u001b[39m\n                \u001b[36m>\u001b[39m\n                  \u001b[36m<input\u001b[39m\n                    \u001b[33mclass\u001b[39m=\u001b[32m\"form-control\"\u001b[39m\n                    \u001b[33mid\u001b[39m=\u001b[32m\"chkRegion\"\u001b[39m\n                    \u001b[33mplaceholder\u001b[39m=\u001b[32m\"Regi├│n\"\u001b[39m\n                    \u001b[33mtype\u001b[39m=\u001b[32m\"text\"\u001b[39m\n                    \u001b[33mvalue\u001b[39m=\u001b[32m\"Metropolitana\"\u001b[39m\n                  \u001b[36m/>\u001b[39m\n                  \u001b[36m<svg\u001b[39m\n                    \u001b[33mclass\u001b[39m=\u001b[32m\"input-icon\"\u001b[39m\n                    \u001b[33mfill\u001b[39m=\u001b[32m\"currentColor\"\u001b[39m\n                    \u001b[33mheight\u001b[39m=\u001b[32m\"1em\"\u001b[39m\n                    \u001b[33mstroke\u001b[39m=\u001b[32m\"currentColor\"\u001b[39m\n                    \u001b[33mstroke-width\u001b[39m=\u001b[32m\"0\"\u001b[39m\n                    \u001b[33mviewBox\u001b[39m=\u001b[32m\"0 0 384 512\"\u001b[39m\n                    \u001b[33mwidth\u001b[39m=\u001b[32m\"1em\"\u001b[39m\n                    \u001b[33mxmlns\u001b[39m=\u001b[32m\"http://www.w3.org/2000/svg\"\u001b[39m\n                  \u001b[36m>\u001b[39m\n                    \u001b[36m<path\u001b[39m\n                      \u001b[33md\u001b[39m=\u001b[32m\"M172.268 501.67C26.97 291.031 0 269.413 0 192 0 85.961 85.961 0 192 0s192 85.961 192 192c0 77.413-26.97 99.031-172.268 309.67-9.535 13.774-29.93 13.773-39.464 0zM192 272c44.183 0 80-35.817 80-80s-35.817-80-80-80-80 35.817-80 80 35.817 80 80 80z\"\u001b[39m\n                    \u001b[36m/>\u001b[39m\n                  \u001b[36m</svg>\u001b[39m\n                \u001b[36m</div>\u001b[39m\n              \u001b[36m</div>\u001b[39m\n              \u001b[36m<div\u001b[39m\n                \u001b[33mclass\u001b[39m=\u001b[32m\"form-group\"\u001b[39m\n              \u001b[36m>\u001b[39m\n                \u001b[36m<label\u001b[39m\n                  \u001b[33mclass\u001b[39m=\u001b[32m\"form-label\"\u001b[39m\n                  \u001b[33mfor\u001b[39m=\u001b[32m\"chkComuna\"\u001b[39m\n                \u001b[36m>\u001b[39m\n                  \u001b[0mComuna\u001b[0m\n                \u001b[36m</label>\u001b[39m\n                \u001b[36m<div\u001b[39m\n                  \u001b[33mclass\u001b[39m=\u001b[32m\"input-icon-wrapper\"\u001b[39m\n                \u001b[36m>\u001b[39m\n                  \u001b[36m<input\u001b[39m\n                    \u001b[33mclass\u001b[39m=\u001b[32m\"form-control\"\u001b[39m\n                    \u001b[33mid\u001b[39m=\u001b[32m\"chkComuna\"\u001b[39m\n                    \u001b[33mplaceholder\u001b[39m=\u001b[32m\"Comuna\"\u001b[39m\n                    \u001b[33mtype\u001b[39m=\u001b[32m\"text\"\u001b[39m\n                    \u001b[33mvalue\u001b[39m=\u001b[32m\"Santiago\"\u001b[39m\n                  \u001b[36m/>\u001b[39m\n                  \u001b[36m<svg\u001b[39m\n                    \u001b[33mclass\u001b[39m=\u001b[32m\"input-icon\"\u001b[39m\n                    \u001b[33mfill\u001b[39m=\u001b[32m\"currentColor\"\u001b[39m\n                    \u001b[33mheight\u001b[39m=\u001b[32m\"1em\"\u001b[39m\n                    \u001b[33mstroke\u001b[39m=\u001b[32m\"currentColor\"\u001b[39m\n                    \u001b[33mstroke-width\u001b[39m=\u001b[32m\"0\"\u001b[39m\n                    \u001b[33mviewBox\u001b[39m=\u001b[32m\"0 0 384 512\"\u001b[39m\n                    \u001b[33mwidth\u001b[39m=\u001b[32m\"1em\"\u001b[39m\n                    \u001b[33mxmlns\u001b[39m=\u001b[32m\"http://www.w3.org/2000/svg\"\u001b[39m\n                  \u001b[36m>\u001b[39m\n                    \u001b[36m<path\u001b[39m\n                      \u001b[33md\u001b[39m=\u001b[32m\"M172.268 501.67C26.97 291.031 0 269.413 0 192 0 85.961 85.961 0 192 0s192 85.961 192 192c0 77.413-26.97 99.031-172.268 309.67-9.535 13.774-29.93 13.773-39.464 0zM192 272c44.183 0 80-35.817 80-80s-35.817-80-80-80-80 35.817-80 80 35.817 80 80 80z\"\u001b[39m\n                    \u001b[36m/>\u001b[39m\n                  \u001b[36m</svg>\u001b[39m\n                \u001b[36m</div>\u001b[39m\n              \u001b[36m</div>\u001b[39m\n              \u001b[36m<div\u001b[39m\n                \u001b[33mclass\u001b[39m=\u001b[32m\"form-group\"\u001b[39m\n              \u001b[36m>\u001b[39m\n                \u001b[36m<label\u001b[39m\n                  \u001b[33mclass\u001b[39m=\u001b[32m\"form-label\"\u001b[39m\n                  \u001b[33mfor\u001b[39m=\u001b[32m\"chkCalle\"\u001b[39m\n                \u001b[36m>\u001b[39m\n                  \u001b[0mCalle y Numeraci├│n\u001b[0m\n                \u001b[36m</label>\u001b[39m\n                \u001b[36m<div\u001b[39m\n                  \u001b[33mclass\u001b[39m=\u001b[32m\"input-icon-wrapper\"\u001b[39m\n                \u001b[36m>\u001b[39m\n                  \u001b[36m<input\u001b[39m\n                    \u001b[33mclass\u001b[39m=\u001b[32m\"form-control\"\u001b[39m\n                    \u001b[33mid\u001b[39m=\u001b[32m\"chkCalle\"\u001b[39m\n                    \u001b[33mplaceholder\u001b[39m=\u001b[32m\"Ej: Av. Vicu├▒a Mackenna 4860\"\u001b[39m\n                    \u001b[33mtype\u001b[39m=\u001b[32m\"text\"\u001b[39m\n                    \u001b[33mvalue\u001b[39m=\u001b[32m\"Calle Falsa 123\"\u001b[39m\n                  \u001b[36m/>\u001b[39m\n                  \u001b[36m<svg\u001b[39m\n                    \u001b[33mclass\u001b[39m=\u001b[32m\"input-icon\"\u001b[39m\n                    \u001b[33mfill\u001b[39m=\u001b[32m\"currentColor\"\u001b[39m\n                    \u001b[33mheight\u001b[39m=\u001b[32m\"1em\"\u001b[39m\n                    \u001b[33mstroke\u001b[39m=\u001b[32m\"currentColor\"\u001b[39m\n                    \u001b[33mstroke-width\u001b[39m=\u001b[32m\"0\"\u001b[39m\n                    \u001b[33mviewBox\u001b[39m=\u001b[32m\"0 0 576 512\"\u001b[39m\n                    \u001b[33mwidth\u001b[39m=\u001b[32m\"1em\"\u001b[39m\n                    \u001b[33mxmlns\u001b[39m=\u001b[32m\"http://www.w3.org/2000/svg\"\u001b[39m\n                  \u001b[36m>\u001b[39m\n                    \u001b[36m<path\u001b[39m\n                      \u001b[33md\u001b[39m=\u001b[32m\"M280.37 148.26L96 300.11V464a16 16 0 0 0 16 16l112.06-.29a16 16 0 0 0 15.92-16V368a16 16 0 0 1 16-16h64a16 16 0 0 1 16 16v95.64a16 16 0 0 0 16 16.05L464 480a16 16 0 0 0 16-16V300L295.67 148.26a12.19 12.19 0 0 0-15.3 0zM571.6 251.47L488 182.56V44.05a12 12 0 0 0-12-12h-56a12 12 0 0 0-12 12v72.61L318.47 43a48 48 0 0 0-61 0L4.34 251.47a12 12 0 0 0-1.6 16.9l25.5 31A12 12 0 0 0 45.15 301l235.22-193.74a12.19 12.19 0 0 1 15.3 0L530.9 301a12 12 0 0 0 16.9-1.6l25.5-31a12 12 0 0 0-1.7-16.93z\"\u001b[39m\n                    \u001b[36m/>\u001b[39m\n                  \u001b[36m</svg>\u001b[39m\n                \u001b[36m</div>\u001b[39m\n              \u001b[36m</div>\u001b[39m\n              \u001b[36m<div\u001b[39m\n                \u001b[33mclass\u001b[39m=\u001b[32m\"form-group\"\u001b[39m\n              \u001b[36m>\u001b[39m\n                \u001b[36m<label\u001b[39m\n                  \u001b[33mclass\u001b[39m=\u001b[32m\"form-label\"\u001b[39m\n                  \u001b[33mfor\u001b[39m=\u001b[32m\"chkDepto\"\u001b[39m\n                \u001b[36m>\u001b[39m\n                  \u001b[0mDepartamento / Casa (Opcional)\u001b[0m\n                \u001b[36m</label>\u001b[39m\n                \u001b[36m<div\u001b[39m\n                  \u001b[33mclass\u001b[39m=\u001b[32m\"input-icon-wrapper\"\u001b[39m\n                \u001b[36m>\u001b[39m\n                  \u001b[36m<input\u001b[39m\n                    \u001b[33mclass\u001b[39m=\u001b[32m\"form-control\"\u001b[39m\n                    \u001b[33mid\u001b[39m=\u001b[32m\"chkDepto\"\u001b[39m\n                    \u001b[33mplaceholder\u001b[39m=\u001b[32m\"Ej: Depto 501\"\u001b[39m\n                    \u001b[33mtype\u001b[39m=\u001b[32m\"text\"\u001b[39m\n                    \u001b[33mvalue\u001b[39m=\u001b[32m\"Apto 4B\"\u001b[39m\n                  \u001b[36m/>\u001b[39m\n                  \u001b[36m<svg\u001b[39m\n                    \u001b[33mclass\u001b[39m=\u001b[32m\"input-icon\"\u001b[39m\n                    \u001b[33mfill\u001b[39m=\u001b[32m\"currentColor\"\u001b[39m\n                    \u001b[33mheight\u001b[39m=\u001b[32m\"1em\"\u001b[39m\n                    \u001b[33mstroke\u001b[39m=\u001b[32m\"currentColor\"\u001b[39m\n                    \u001b[33mstroke-width\u001b[39m=\u001b[32m\"0\"\u001b[39m\n                    \u001b[33mviewBox\u001b[39m=\u001b[32m\"0 0 576 512\"\u001b[39m\n                    \u001b[33mwidth\u001b[39m=\u001b[32m\"1em\"\u001b[39m\n                    \u001b[33mxmlns\u001b[39m=\u001b[32m\"http://www.w3.org/2000/svg\"\u001b[39m\n                  \u001b[36m>\u001b[39m\n                    \u001b[36m<path\u001b[39m\n                      \u001b[33md\u001b[39m=\u001b[32m\"M280.37 148.26L96 300.11V464a16 16 0 0 0 16 16l112.06-.29a16 16 0 0 0 15.92-16V368a16 16 0 0 1 16-16h64a16 16 0 0 1 16 16v95.64a16 16 0 0 0 16 16.05L464 480a16 16 0 0 0 16-16V300L295.67 148.26a12.19 12.19 0 0 0-15.3 0zM571.6 251.47L488 182.56V44.05a12 12 0 0 0-12-12h-56a12 12 0 0 0-12 12v72.61L318.47 43a48 48 0 0 0-61 0L4.34 251.47a12 12 0 0 0-1.6 16.9l25.5 31A12 12 0 0 0 45.15 301l235.22-193.74a12.19 12.19 0 0 1 15.3 0L530.9 301a12 12 0 0 0 16.9-1.6l25.5-31a12 12 0 0 0-1.7-16.93z\"\u001b[39m\n                    \u001b[36m/>\u001b[39m\n                  \u001b[36m</svg>\u001b[39m\n                \u001b[36m</div>\u001b[39m\n              \u001b[36m</div>\u001b[39m\n              \u001b[36m<button\u001b[39m\n                \u001b[33mclass\u001b[39m=\u001b[32m\"btn btn-primary btn-block\"\u001b[39m\n                \u001b[33mtype\u001b[39m=\u001b[32m\"submit\"\u001b[39m\n              \u001b[36m>\u001b[39m\n                \u001b[0mConfirmar y Pagar\u001b[0m\n              \u001b[36m</button>\u001b[39m\n              \u001b[36m<a\u001b[39m\n                \u001b[33mclass\u001b[39m=\u001b[32m\"text-center\"\u001b[39m\n                \u001b[33mdata-discover\u001b[39m=\u001b[32m\"true\"\u001b[39m\n                \u001b[33mhref\u001b[39m=\u001b[32m\"/carro\"\u001b[39m\n                \u001b[33mstyle\u001b[39m=\u001b[32m\"display: block; margin-top: 12px;\"\u001b[39m\n              \u001b[36m>\u001b[39m\n                \u001b[0mVolver al Carrito\u001b[0m\n              \u001b[36m</a>\u001b[39m\n            \u001b[36m</form>\u001b[39m\n          \u001b[36m</div>\u001b[39m\n        \u001b[36m</section>\u001b[39m\n        \u001b[36m<aside\u001b[39m\n          \u001b[33mclass\u001b[39m=\u001b[32m\"summary card\"\u001b[39m\n        \u001b[36m>\u001b[39m\n          \u001b[36m<h2>\u001b[39m\n            \u001b[0mResumen\u001b[0m\n          \u001b[36m</h2>\u001b[39m\n          \u001b[36m<div>\u001b[39m\n            \u001b[36m<div\u001b[39m\n              \u001b[33mclass\u001b[39m=\u001b[32m\"cart-item\"\u001b[39m\n              \u001b[33mstyle\u001b[39m=\u001b[32m\"padding: 0.75rem 0px; box-shadow: none;\"\u001b[39m\n            \u001b[36m>\u001b[39m\n              \u001b[36m<img\u001b[39m\n                \u001b[33malt\u001b[39m=\u001b[32m\"Peluche de Prueba\"\u001b[39m\n                \u001b[33msrc\u001b[39m=\u001b[32m\"img1.jpg\"\u001b[39m\n                \u001b[33mstyle\u001b[39m=\u001b[32m\"width: 64px; height: 64px; object-fit: cover; border-radius: 8px;\"\u001b[39m\n              \u001b[36m/>\u001b[39m\n              \u001b[36m<div\u001b[39m\n                \u001b[33mstyle\u001b[39m=\u001b[32m\"flex: 1 1 0%;\"\u001b[39m\n              \u001b[36m>\u001b[39m\n                \u001b[36m<div\u001b[39m\n                  \u001b[33mstyle\u001b[39m=\u001b[32m\"font-weight: 700;\"\u001b[39m\n                \u001b[36m>\u001b[39m\n                  \u001b[0mPeluche de Prueba\u001b[0m\n                \u001b[36m</div>\u001b[39m\n                \u001b[36m<div\u001b[39m\n                  \u001b[33mstyle\u001b[39m=\u001b[32m\"color: var(--muted);\"\u001b[39m\n                \u001b[36m>\u001b[39m\n                  \u001b[0m2\u001b[0m\n                  \u001b[0m ├ù \u001b[0m\n                  \u001b[0m$1.000\u001b[0m\n                \u001b[36m</div>\u001b[39m\n              \u001b[36m</div>\u001b[39m\n              \u001b[36m<div\u001b[39m\n                \u001b[33mstyle\u001b[39m=\u001b[32m\"font-weight: 700;\"\u001b[39m\n              \u001b[36m>\u001b[39m\n                \u001b[0m$2.000\u001b[0m\n              \u001b[36m</div>\u001b[39m\n            \u001b[36m</div>\u001b[39m\n          \u001b[36m</div>\u001b[39m\n          \u001b[36m<div\u001b[39m\n            \u001b[33mclass\u001b[39m=\u001b[32m\"summary-total\"\u001b[39m\n          \u001b[36m>\u001b[39m\n            \u001b[36m<span>\u001b[39m\n              \u001b[0mTotal\u001b[0m\n            \u001b[36m</span>\u001b[39m\n            \u001b[36m<span\u001b[39m\n              \u001b[33mstyle\u001b[39m=\u001b[32m\"font-weight: 800; font-size: 1.2rem;\"\u001b[39m\n            \u001b[36m>\u001b[39m\n              \u001b[0m$2.000\u001b[0m\n            \u001b[36m</span>\u001b[39m\n          \u001b[36m</div>\u001b[39m\n          \u001b[36m<div\u001b[39m\n            \u001b[33mstyle\u001b[39m=\u001b[32m\"margin-top: 0.75rem; font-size: 0.9rem; color: var(--brand-hover);\"\u001b[39m\n          \u001b[36m>\u001b[39m\n            \u001b[0m*El env├¡o usa tu direcci├│n indicada a la izquierda.\u001b[0m\n          \u001b[36m</div>\u001b[39m\n        \u001b[36m</aside>\u001b[39m\n      \u001b[36m</div>\u001b[39m\n    \u001b[36m</div>\u001b[39m\n  \u001b[36m</div>\u001b[39m\n\u001b[36m</body>\u001b[39m\n    at Proxy.waitForWrapper (C:\\Users\\JOAQUIN\\Desktop\\Peluchemania\\NuevoProyecto\\node_modules\\@testing-library\\dom\\dist\\wait-for.js:163:27)\n    at C:/Users/JOAQUIN/Desktop/Peluchemania/NuevoProyecto/__test__/checkout.test.jsx:164:11\n    at file:///C:/Users/JOAQUIN/Desktop/Peluchemania/NuevoProyecto/node_modules/@vitest/runner/dist/index.js:157:11\n    at file:///C:/Users/JOAQUIN/Desktop/Peluchemania/NuevoProyecto/node_modules/@vitest/runner/dist/index.js:753:26\n    at file:///C:/Users/JOAQUIN/Desktop/Peluchemania/NuevoProyecto/node_modules/@vitest/runner/dist/index.js:1636:20\n    at new Promise (<anonymous>)\n    at runWithTimeout (file:///C:/Users/JOAQUIN/Desktop/Peluchemania/NuevoProyecto/node_modules/@vitest/runner/dist/index.js:1602:10)\n    at runTest (file:///C:/Users/JOAQUIN/Desktop/Peluchemania/NuevoProyecto/node_modules/@vitest/runner/dist/index.js:1309:12)\n    at runSuite (file:///C:/Users/JOAQUIN/Desktop/Peluchemania/NuevoProyecto/node_modules/@vitest/runner/dist/index.js:1468:8)\n    at runSuite (file:///C:/Users/JOAQUIN/Desktop/Peluchemania/NuevoProyecto/node_modules/@vitest/runner/dist/index.js:1468:8)"],"meta":{}}],"startTime":1761533264951,"endTime":1761533267677.6018,"status":"failed","message":"","name":"C:/Users/JOAQUIN/Desktop/Peluchemania/NuevoProyecto/__test__/checkout.test.jsx"},{"assertionResults":[{"ancestorTitles":["P├ígina DetallesProductos"],"fullName":"P├ígina DetallesProductos 1. muestra \"Cargando...\" inicialmente","status":"passed","title":"1. muestra \"Cargando...\" inicialmente","duration":69.3448000000003,"failureMessages":[],"meta":{}},{"ancestorTitles":["P├ígina DetallesProductos"],"fullName":"P├ígina DetallesProductos 2. muestra los detalles del producto y el precio con descuento","status":"passed","title":"2. muestra los detalles del producto y el precio con descuento","duration":244.48770000000013,"failureMessages":[],"meta":{}},{"ancestorTitles":["P├ígina DetallesProductos"],"fullName":"P├ígina DetallesProductos 3. llama a addToCart cuando se hace clic en el bot├│n","status":"passed","title":"3. llama a addToCart cuando se hace clic en el bot├│n","duration":108.76620000000003,"failureMessages":[],"meta":{}},{"ancestorTitles":["P├ígina DetallesProductos"],"fullName":"P├ígina DetallesProductos 4. muestra \"Sin stock\" y deshabilita el bot├│n si el stock es 0","status":"passed","title":"4. muestra \"Sin stock\" y deshabilita el bot├│n si el stock es 0","duration":89.77689999999984,"failureMessages":[],"meta":{}},{"ancestorTitles":["P├ígina DetallesProductos"],"fullName":"P├ígina DetallesProductos 5. muestra un mensaje de error si la API falla","status":"passed","title":"5. muestra un mensaje de error si la API falla","duration":15.12559999999985,"failureMessages":[],"meta":{}}],"startTime":1761533264914,"endTime":1761533265441.1255,"status":"passed","message":"","name":"C:/Users/JOAQUIN/Desktop/Peluchemania/NuevoProyecto/__test__/detalleProductos.test.jsx"},{"assertionResults":[{"ancestorTitles":["Componente: Header","Escenario: Usuario Invitado (No Logueado)"],"fullName":"Componente: Header Escenario: Usuario Invitado (No Logueado) deber├¡a mostrar los links de navegaci├│n principales","status":"passed","title":"deber├¡a mostrar los links de navegaci├│n principales","duration":257.8485999999998,"failureMessages":[],"meta":{}},{"ancestorTitles":["Componente: Header","Escenario: Usuario Invitado (No Logueado)"],"fullName":"Componente: Header Escenario: Usuario Invitado (No Logueado) deber├¡a mostrar \"Iniciar Sesi├│n\" y \"Reg├¡strate\"","status":"passed","title":"deber├¡a mostrar \"Iniciar Sesi├│n\" y \"Reg├¡strate\"","duration":107.2171999999996,"failureMessages":[],"meta":{}},{"ancestorTitles":["Componente: Header","Escenario: Usuario Invitado (No Logueado)"],"fullName":"Componente: Header Escenario: Usuario Invitado (No Logueado) no deber├¡a mostrar el link de Admin","status":"passed","title":"no deber├¡a mostrar el link de Admin","duration":30.594800000000305,"failureMessages":[],"meta":{}},{"ancestorTitles":["Componente: Header","Escenario: Usuario Invitado (No Logueado)"],"fullName":"Componente: Header Escenario: Usuario Invitado (No Logueado) deber├¡a mostrar el carrito vac├¡o (sin contador)","status":"passed","title":"deber├¡a mostrar el carrito vac├¡o (sin contador)","duration":22.033400000000256,"failureMessages":[],"meta":{}},{"ancestorTitles":["Componente: Header","Escenario: Usuario Cliente (Logueado)"],"fullName":"Componente: Header Escenario: Usuario Cliente (Logueado) deber├¡a mostrar el nombre del usuario y el bot├│n \"Cerrar sesi├│n\"","status":"passed","title":"deber├¡a mostrar el nombre del usuario y el bot├│n \"Cerrar sesi├│n\"","duration":43.36940000000004,"failureMessages":[],"meta":{}},{"ancestorTitles":["Componente: Header","Escenario: Usuario Cliente (Logueado)"],"fullName":"Componente: Header Escenario: Usuario Cliente (Logueado) no deber├¡a mostrar el link de Admin","status":"passed","title":"no deber├¡a mostrar el link de Admin","duration":26.415899999999965,"failureMessages":[],"meta":{}},{"ancestorTitles":["Componente: Header","Escenario: Usuario Cliente (Logueado)"],"fullName":"Componente: Header Escenario: Usuario Cliente (Logueado) deber├¡a llamar a logout y navegar a /home al cerrar sesi├│n","status":"passed","title":"deber├¡a llamar a logout y navegar a /home al cerrar sesi├│n","duration":79.93420000000015,"failureMessages":[],"meta":{}},{"ancestorTitles":["Componente: Header","Escenario: Usuario Cliente (Logueado)"],"fullName":"Componente: Header Escenario: Usuario Cliente (Logueado) deber├¡a mostrar el contador del carrito con 3 items","status":"passed","title":"deber├¡a mostrar el contador del carrito con 3 items","duration":21.061699999999746,"failureMessages":[],"meta":{}},{"ancestorTitles":["Componente: Header","Escenario: Usuario Administrador (Logueado)"],"fullName":"Componente: Header Escenario: Usuario Administrador (Logueado) deber├¡a mostrar el link de Admin","status":"passed","title":"deber├¡a mostrar el link de Admin","duration":26.42240000000038,"failureMessages":[],"meta":{}},{"ancestorTitles":["Componente: Header","Funcionalidad: Men├║ Mobile"],"fullName":"Componente: Header Funcionalidad: Men├║ Mobile deber├¡a abrir y cerrar el men├║ mobile al hacer clic en el toggle","status":"passed","title":"deber├¡a abrir y cerrar el men├║ mobile al hacer clic en el toggle","duration":141.5545000000002,"failureMessages":[],"meta":{}},{"ancestorTitles":["Componente: Header","Funcionalidad: Men├║ Mobile"],"fullName":"Componente: Header Funcionalidad: Men├║ Mobile deber├¡a cerrar el men├║ mobile al hacer clic en un link","status":"passed","title":"deber├¡a cerrar el men├║ mobile al hacer clic en un link","duration":172.1902,"failureMessages":[],"meta":{}},{"ancestorTitles":["Componente: Header","Funcionalidad: Men├║ Mobile"],"fullName":"Componente: Header Funcionalidad: Men├║ Mobile deber├¡a mostrar el contenido correcto en el men├║ mobile (Admin, Carrito lleno)","status":"passed","title":"deber├¡a mostrar el contenido correcto en el men├║ mobile (Admin, Carrito lleno)","duration":92.70789999999943,"failureMessages":[],"meta":{}}],"startTime":1761533265060,"endTime":1761533266082.708,"status":"passed","message":"","name":"C:/Users/JOAQUIN/Desktop/Peluchemania/NuevoProyecto/__test__/header.test.jsx"},{"assertionResults":[{"ancestorTitles":["P├ígina Home"],"fullName":"P├ígina Home 1. muestra los estados de carga iniciales","status":"passed","title":"1. muestra los estados de carga iniciales","duration":104.97970000000032,"failureMessages":[],"meta":{}},{"ancestorTitles":["P├ígina Home"],"fullName":"P├ígina Home 2. muestra productos en oferta y categor├¡as al cargar exitosamente","status":"passed","title":"2. muestra productos en oferta y categor├¡as al cargar exitosamente","duration":115.22200000000021,"failureMessages":[],"meta":{}},{"ancestorTitles":["P├ígina Home"],"fullName":"P├ígina Home 3. muestra el contenido est├ítico del blog","status":"passed","title":"3. muestra el contenido est├ítico del blog","duration":115.98990000000003,"failureMessages":[],"meta":{}},{"ancestorTitles":["P├ígina Home"],"fullName":"P├ígina Home 4. muestra mensajes de error si las APIs fallan","status":"passed","title":"4. muestra mensajes de error si las APIs fallan","duration":43.58909999999969,"failureMessages":[],"meta":{}}],"startTime":1761533264928,"endTime":1761533265307.589,"status":"passed","message":"","name":"C:/Users/JOAQUIN/Desktop/Peluchemania/NuevoProyecto/__test__/home.test.jsx"},{"assertionResults":[{"ancestorTitles":["Componente: LoginForm (inicio.jsx)"],"fullName":"Componente: LoginForm (inicio.jsx) deber├¡a renderizar el formulario de inicio de sesi├│n correctamente","status":"passed","title":"deber├¡a renderizar el formulario de inicio de sesi├│n correctamente","duration":263.02880000000005,"failureMessages":[],"meta":{}},{"ancestorTitles":["Componente: LoginForm (inicio.jsx)"],"fullName":"Componente: LoginForm (inicio.jsx) deber├¡a mostrar error de validaci├│n si los campos est├ín vac├¡os","status":"passed","title":"deber├¡a mostrar error de validaci├│n si los campos est├ín vac├¡os","duration":164.38390000000027,"failureMessages":[],"meta":{}},{"ancestorTitles":["Componente: LoginForm (inicio.jsx)"],"fullName":"Componente: LoginForm (inicio.jsx) deber├¡a mostrar \"Ingresando...\" y deshabilitar el bot├│n durante la carga","status":"passed","title":"deber├¡a mostrar \"Ingresando...\" y deshabilitar el bot├│n durante la carga","duration":650.6648,"failureMessages":[],"meta":{}},{"ancestorTitles":["Componente: LoginForm (inicio.jsx)"],"fullName":"Componente: LoginForm (inicio.jsx) deber├¡a loguear a un Cliente, llamar a context.login y navegar a /home","status":"failed","title":"deber├¡a loguear a un Cliente, llamar a context.login y navegar a /home","duration":1603.0854,"failureMessages":["AssertionError: expected \"fetch\" to be called with arguments: [ ÔÇª(2) ]\u001b[90m\n\nReceived: \n\n\u001b[1m  1st fetch call:\n\n\u001b[22m\u001b[2m  [\u001b[22m\n\u001b[32m-   \"http://localhost:3001/api/auth/login\",\u001b[90m\n\u001b[32m-   ObjectContaining {\u001b[90m\n\u001b[31m+   \"/api/auth/login\",\u001b[90m\n\u001b[31m+   {\u001b[90m\n\u001b[2m      \"body\": \"{\\\"email\\\":\\\"cliente@test.com\\\",\\\"password\\\":\\\"cliente123\\\"}\",\u001b[22m\n\u001b[31m+     \"headers\": {\u001b[90m\n\u001b[31m+       \"Content-Type\": \"application/json\",\u001b[90m\n\u001b[31m+     },\u001b[90m\n\u001b[2m      \"method\": \"POST\",\u001b[22m\n\u001b[2m    },\u001b[22m\n\u001b[2m  ]\u001b[22m\n\u001b[39m\u001b[90m\n\nNumber of calls: \u001b[1m1\u001b[22m\n\u001b[39m\n\nIgnored nodes: comments, script, style\n\u001b[36m<html>\u001b[39m\n  \u001b[36m<head />\u001b[39m\n  \u001b[36m<body>\u001b[39m\n    \u001b[36m<div>\u001b[39m\n      \u001b[36m<div\u001b[39m\n        \u001b[33mclass\u001b[39m=\u001b[32m\"container\"\u001b[39m\n        \u001b[33mstyle\u001b[39m=\u001b[32m\"padding-top: 3rem; padding-bottom: 3rem;\"\u001b[39m\n      \u001b[36m>\u001b[39m\n        \u001b[36m<div\u001b[39m\n          \u001b[33mclass\u001b[39m=\u001b[32m\"form-shell\"\u001b[39m\n        \u001b[36m>\u001b[39m\n          \u001b[36m<h2>\u001b[39m\n            \u001b[0mIniciar Sesi├│n\u001b[0m\n          \u001b[36m</h2>\u001b[39m\n          \u001b[36m<form\u001b[39m\n            \u001b[33mnovalidate\u001b[39m=\u001b[32m\"\"\u001b[39m\n          \u001b[36m>\u001b[39m\n            \u001b[36m<div\u001b[39m\n              \u001b[33mclass\u001b[39m=\u001b[32m\"form-group\"\u001b[39m\n            \u001b[36m>\u001b[39m\n              \u001b[36m<label\u001b[39m\n                \u001b[33mclass\u001b[39m=\u001b[32m\"form-label\"\u001b[39m\n                \u001b[33mfor\u001b[39m=\u001b[32m\"loginEmail\"\u001b[39m\n              \u001b[36m>\u001b[39m\n                \u001b[0mCorreo\u001b[0m\n              \u001b[36m</label>\u001b[39m\n              \u001b[36m<div\u001b[39m\n                \u001b[33mclass\u001b[39m=\u001b[32m\"input-icon-wrapper\"\u001b[39m\n              \u001b[36m>\u001b[39m\n                \u001b[36m<input\u001b[39m\n                  \u001b[33mclass\u001b[39m=\u001b[32m\"form-control\"\u001b[39m\n                  \u001b[33mid\u001b[39m=\u001b[32m\"loginEmail\"\u001b[39m\n                  \u001b[33mplaceholder\u001b[39m=\u001b[32m\"ejemplo@duoc.cl\"\u001b[39m\n                  \u001b[33mtype\u001b[39m=\u001b[32m\"email\"\u001b[39m\n                  \u001b[33mvalue\u001b[39m=\u001b[32m\"cliente@test.com\"\u001b[39m\n                \u001b[36m/>\u001b[39m\n                \u001b[36m<svg\u001b[39m\n                  \u001b[33mclass\u001b[39m=\u001b[32m\"input-icon\"\u001b[39m\n                  \u001b[33mfill\u001b[39m=\u001b[32m\"currentColor\"\u001b[39m\n                  \u001b[33mheight\u001b[39m=\u001b[32m\"1em\"\u001b[39m\n                  \u001b[33mstroke\u001b[39m=\u001b[32m\"currentColor\"\u001b[39m\n                  \u001b[33mstroke-width\u001b[39m=\u001b[32m\"0\"\u001b[39m\n                  \u001b[33mviewBox\u001b[39m=\u001b[32m\"0 0 512 512\"\u001b[39m\n                  \u001b[33mwidth\u001b[39m=\u001b[32m\"1em\"\u001b[39m\n                  \u001b[33mxmlns\u001b[39m=\u001b[32m\"http://www.w3.org/2000/svg\"\u001b[39m\n                \u001b[36m>\u001b[39m\n                  \u001b[36m<path\u001b[39m\n                    \u001b[33md\u001b[39m=\u001b[32m\"M502.3 190.8c3.9-3.1 9.7-.2 9.7 4.7V400c0 26.5-21.5 48-48 48H48c-26.5 0-48-21.5-48-48V195.6c0-5 5.7-7.8 9.7-4.7 22.4 17.4 52.1 39.5 154.1 113.6 21.1 15.4 56.7 47.8 92.2 47.6 35.7.3 72-32.8 92.3-47.6 102-74.1 131.6-96.3 154-113.7zM256 320c23.2.4 56.6-29.2 73.4-41.4 132.7-96.3 142.8-104.7 173.4-128.7 5.8-4.5 9.2-11.5 9.2-18.9v-19c0-26.5-21.5-48-48-48H48C21.5 64 0 85.5 0 112v19c0 7.4 3.4 14.3 9.2 18.9 30.6 23.9 40.7 32.4 173.4 128.7 16.8 12.2 50.2 41.8 73.4 41.4z\"\u001b[39m\n                  \u001b[36m/>\u001b[39m\n                \u001b[36m</svg>\u001b[39m\n              \u001b[36m</div>\u001b[39m\n            \u001b[36m</div>\u001b[39m\n            \u001b[36m<div\u001b[39m\n              \u001b[33mclass\u001b[39m=\u001b[32m\"form-group\"\u001b[39m\n            \u001b[36m>\u001b[39m\n              \u001b[36m<label\u001b[39m\n                \u001b[33mclass\u001b[39m=\u001b[32m\"form-label\"\u001b[39m\n                \u001b[33mfor\u001b[39m=\u001b[32m\"loginPassword\"\u001b[39m\n              \u001b[36m>\u001b[39m\n                \u001b[0mContrase├▒a\u001b[0m\n              \u001b[36m</label>\u001b[39m\n              \u001b[36m<div\u001b[39m\n                \u001b[33mclass\u001b[39m=\u001b[32m\"input-icon-wrapper\"\u001b[39m\n              \u001b[36m>\u001b[39m\n                \u001b[36m<input\u001b[39m\n                  \u001b[33mclass\u001b[39m=\u001b[32m\"form-control\"\u001b[39m\n                  \u001b[33mid\u001b[39m=\u001b[32m\"loginPassword\"\u001b[39m\n                  \u001b[33mplaceholder\u001b[39m=\u001b[32m\"Tu contrase├▒a\"\u001b[39m\n                  \u001b[33mtype\u001b[39m=\u001b[32m\"password\"\u001b[39m\n                  \u001b[33mvalue\u001b[39m=\u001b[32m\"cliente123\"\u001b[39m\n                \u001b[36m/>\u001b[39m\n                \u001b[36m<svg\u001b[39m\n                  \u001b[33mclass\u001b[39m=\u001b[32m\"input-icon\"\u001b[39m\n                  \u001b[33mfill\u001b[39m=\u001b[32m\"currentColor\"\u001b[39m\n                  \u001b[33mheight\u001b[39m=\u001b[32m\"1em\"\u001b[39m\n                  \u001b[33mstroke\u001b[39m=\u001b[32m\"currentColor\"\u001b[39m\n                  \u001b[33mstroke-width\u001b[39m=\u001b[32m\"0\"\u001b[39m\n                  \u001b[33mviewBox\u001b[39m=\u001b[32m\"0 0 448 512\"\u001b[39m\n                  \u001b[33mwidth\u001b[39m=\u001b[32m\"1em\"\u001b[39m\n                  \u001b[33mxmlns\u001b[39m=\u001b[32m\"http://www.w3.org/2000/svg\"\u001b[39m\n                \u001b[36m>\u001b[39m\n                  \u001b[36m<path\u001b[39m\n                    \u001b[33md\u001b[39m=\u001b[32m\"M400 224h-24v-72C376 68.2 307.8 0 224 0S72 68.2 72 152v72H48c-26.5 0-48 21.5-48 48v192c0 26.5 21.5 48 48 48h352c26.5 0 48-21.5 48-48V272c0-26.5-21.5-48-48-48zm-104 0H152v-72c0-39.7 32.3-72 72-72s72 32.3 72 72v72z\"\u001b[39m\n                  \u001b[36m/>\u001b[39m\n                \u001b[36m</svg>\u001b[39m\n              \u001b[36m</div>\u001b[39m\n            \u001b[36m</div>\u001b[39m\n            \u001b[36m<button\u001b[39m\n              \u001b[33mclass\u001b[39m=\u001b[32m\"btn btn-primary btn-block\"\u001b[39m\n              \u001b[33mdisabled\u001b[39m=\u001b[32m\"\"\u001b[39m\n              \u001b[33mtype\u001b[39m=\u001b[32m\"submit\"\u001b[39m\n            \u001b[36m>\u001b[39m\n              \u001b[0mIngresando...\u001b[0m\n            \u001b[36m</button>\u001b[39m\n            \u001b[36m<a\u001b[39m\n              \u001b[33mclass\u001b[39m=\u001b[32m\"text-center\"\u001b[39m\n              \u001b[33mdata-discover\u001b[39m=\u001b[32m\"true\"\u001b[39m\n              \u001b[33mhref\u001b[39m=\u001b[32m\"/registro\"\u001b[39m\n              \u001b[33mstyle\u001b[39m=\u001b[32m\"display: block; margin-top: 12px;\"\u001b[39m\n            \u001b[36m>\u001b[39m\n              \u001b[0m┬┐No tienes cuenta? Reg├¡strate\u001b[0m\n            \u001b[36m</a>\u001b[39m\n          \u001b[36m</form>\u001b[39m\n        \u001b[36m</div>\u001b[39m\n      \u001b[36m</div>\u001b[39m\n    \u001b[36m</div>\u001b[39m\n  \u001b[36m</body>\u001b[39m\n\u001b[36m</html>\u001b[39m\n    at Proxy.<anonymous> (file:///C:/Users/JOAQUIN/Desktop/Peluchemania/NuevoProyecto/node_modules/@vitest/expect/dist/index.js:1416:10)\n    at Proxy.<anonymous> (file:///C:/Users/JOAQUIN/Desktop/Peluchemania/NuevoProyecto/node_modules/@vitest/expect/dist/index.js:1086:14)\n    at Proxy.methodWrapper (file:///C:/Users/JOAQUIN/Desktop/Peluchemania/NuevoProyecto/node_modules/chai/index.js:1701:25)\n    at C:/Users/JOAQUIN/Desktop/Peluchemania/NuevoProyecto/__test__/inicio.test.jsx:135:28\n    at runWithExpensiveErrorDiagnosticsDisabled (C:\\Users\\JOAQUIN\\Desktop\\Peluchemania\\NuevoProyecto\\node_modules\\@testing-library\\dom\\dist\\config.js:47:12)\n    at checkCallback (C:\\Users\\JOAQUIN\\Desktop\\Peluchemania\\NuevoProyecto\\node_modules\\@testing-library\\dom\\dist\\wait-for.js:124:77)\n    at Timeout.checkRealTimersCallback (C:\\Users\\JOAQUIN\\Desktop\\Peluchemania\\NuevoProyecto\\node_modules\\@testing-library\\dom\\dist\\wait-for.js:118:16)\n    at listOnTimeout (node:internal/timers:581:17)\n    at processTimers (node:internal/timers:519:7)"],"meta":{}},{"ancestorTitles":["Componente: LoginForm (inicio.jsx)"],"fullName":"Componente: LoginForm (inicio.jsx) deber├¡a loguear a un Administrador y navegar a /admin","status":"passed","title":"deber├¡a loguear a un Administrador y navegar a /admin","duration":498.09379999999965,"failureMessages":[],"meta":{}},{"ancestorTitles":["Componente: LoginForm (inicio.jsx)"],"fullName":"Componente: LoginForm (inicio.jsx) deber├¡a redirigir a la p├ígina previa (ej. /carrito) si ven├¡a de all├¡","status":"passed","title":"deber├¡a redirigir a la p├ígina previa (ej. /carrito) si ven├¡a de all├¡","duration":577.6247000000003,"failureMessages":[],"meta":{}},{"ancestorTitles":["Componente: LoginForm (inicio.jsx)"],"fullName":"Componente: LoginForm (inicio.jsx) deber├¡a mostrar error si las credenciales son incorrectas (fetch ok: false)","status":"passed","title":"deber├¡a mostrar error si las credenciales son incorrectas (fetch ok: false)","duration":584.0601000000006,"failureMessages":[],"meta":{}},{"ancestorTitles":["Componente: LoginForm (inicio.jsx)"],"fullName":"Componente: LoginForm (inicio.jsx) deber├¡a mostrar error de conexi├│n si fetch es rechazado (error de red)","status":"passed","title":"deber├¡a mostrar error de conexi├│n si fetch es rechazado (error de red)","duration":552.7426000000005,"failureMessages":[],"meta":{}}],"startTime":1761533265004,"endTime":1761533269898.7427,"status":"failed","message":"","name":"C:/Users/JOAQUIN/Desktop/Peluchemania/NuevoProyecto/__test__/inicio.test.jsx"},{"assertionResults":[{"ancestorTitles":["Componente: Nosotros (nosotros.jsx)"],"fullName":"Componente: Nosotros (nosotros.jsx) deber├¡a renderizar el contenido est├ítico de la p├ígina \"Nosotros\"","status":"passed","title":"deber├¡a renderizar el contenido est├ítico de la p├ígina \"Nosotros\"","duration":135.80320000000006,"failureMessages":[],"meta":{}}],"startTime":1761533267421,"endTime":1761533267556.8032,"status":"passed","message":"","name":"C:/Users/JOAQUIN/Desktop/Peluchemania/NuevoProyecto/__test__/nosotros.test.jsx"},{"assertionResults":[{"ancestorTitles":["Componente: Sales (ofertas.jsx)"],"fullName":"Componente: Sales (ofertas.jsx) deber├¡a mostrar el estado de \"Cargando ofertasÔÇª\" inicialmente","status":"passed","title":"deber├¡a mostrar el estado de \"Cargando ofertasÔÇª\" inicialmente","duration":61.215599999999995,"failureMessages":[],"meta":{}},{"ancestorTitles":["Componente: Sales (ofertas.jsx)"],"fullName":"Componente: Sales (ofertas.jsx) deber├¡a mostrar \"No hay productos en oferta\" si fetch retorna un array vac├¡o","status":"passed","title":"deber├¡a mostrar \"No hay productos en oferta\" si fetch retorna un array vac├¡o","duration":135.68859999999995,"failureMessages":[],"meta":{}},{"ancestorTitles":["Componente: Sales (ofertas.jsx)"],"fullName":"Componente: Sales (ofertas.jsx) deber├¡a renderizar la lista de productos en oferta si fetch retorna datos","status":"passed","title":"deber├¡a renderizar la lista de productos en oferta si fetch retorna datos","duration":223.0951,"failureMessages":[],"meta":{}},{"ancestorTitles":["Componente: Sales (ofertas.jsx)"],"fullName":"Componente: Sales (ofertas.jsx) deber├¡a mostrar \"No hay productos en oferta\" si el fetch falla (es rechazado)","status":"passed","title":"deber├¡a mostrar \"No hay productos en oferta\" si el fetch falla (es rechazado)","duration":37.383800000000065,"failureMessages":[],"meta":{}}],"startTime":1761533264892,"endTime":1761533265350.3838,"status":"passed","message":"","name":"C:/Users/JOAQUIN/Desktop/Peluchemania/NuevoProyecto/__test__/ofertas.test.jsx"},{"assertionResults":[{"ancestorTitles":["P├ígina Productos"],"fullName":"P├ígina Productos 1. Muestra el estado de carga inicial","status":"passed","title":"1. Muestra el estado de carga inicial","duration":96.45029999999997,"failureMessages":[],"meta":{}},{"ancestorTitles":["P├ígina Productos"],"fullName":"P├ígina Productos 2. Muestra productos agrupados por categor├¡a despu├®s de cargar","status":"passed","title":"2. Muestra productos agrupados por categor├¡a despu├®s de cargar","duration":222.8692000000001,"failureMessages":[],"meta":{}},{"ancestorTitles":["P├ígina Productos"],"fullName":"P├ígina Productos 3. Muestra mensaje de error si falla la carga de categor├¡as","status":"passed","title":"3. Muestra mensaje de error si falla la carga de categor├¡as","duration":32.24449999999979,"failureMessages":[],"meta":{}},{"ancestorTitles":["P├ígina Productos"],"fullName":"P├ígina Productos 4. Muestra mensaje de error si falla la carga de productos","status":"passed","title":"4. Muestra mensaje de error si falla la carga de productos","duration":32.58320000000003,"failureMessages":[],"meta":{}}],"startTime":1761533264955,"endTime":1761533265339.5833,"status":"passed","message":"","name":"C:/Users/JOAQUIN/Desktop/Peluchemania/NuevoProyecto/__test__/productos.test.jsx"},{"assertionResults":[{"ancestorTitles":["Componente: RegisterForm"],"fullName":"Componente: RegisterForm deber├¡a renderizar el formulario correctamente","status":"failed","title":"deber├¡a renderizar el formulario correctamente","duration":395.7551000000003,"failureMessages":["TestingLibraryElementError: Found a label with the text of: /regi├│n/i, however no form control was found associated to that label. Make sure you're using the \"for\" attribute or \"aria-labelledby\" attribute correctly.\n\nIgnored nodes: comments, script, style\n\u001b[36m<body>\u001b[39m\n  \u001b[36m<div>\u001b[39m\n    \u001b[36m<div\u001b[39m\n      \u001b[33mclass\u001b[39m=\u001b[32m\"container\"\u001b[39m\n      \u001b[33mstyle\u001b[39m=\u001b[32m\"padding-top: 3rem; padding-bottom: 3rem;\"\u001b[39m\n    \u001b[36m>\u001b[39m\n      \u001b[36m<div\u001b[39m\n        \u001b[33mclass\u001b[39m=\u001b[32m\"form-shell\"\u001b[39m\n      \u001b[36m>\u001b[39m\n        \u001b[36m<h2>\u001b[39m\n          \u001b[0mCrear Cuenta\u001b[0m\n        \u001b[36m</h2>\u001b[39m\n        \u001b[36m<form\u001b[39m\n          \u001b[33mnovalidate\u001b[39m=\u001b[32m\"\"\u001b[39m\n        \u001b[36m>\u001b[39m\n          \u001b[36m<div\u001b[39m\n            \u001b[33mclass\u001b[39m=\u001b[32m\"grid form-grid-2\"\u001b[39m\n          \u001b[36m>\u001b[39m\n            \u001b[36m<div\u001b[39m\n              \u001b[33mclass\u001b[39m=\u001b[32m\"form-group\"\u001b[39m\n            \u001b[36m>\u001b[39m\n              \u001b[36m<label\u001b[39m\n                \u001b[33mclass\u001b[39m=\u001b[32m\"form-label\"\u001b[39m\n                \u001b[33mfor\u001b[39m=\u001b[32m\"nombre\"\u001b[39m\n              \u001b[36m>\u001b[39m\n                \u001b[0mNombre\u001b[0m\n              \u001b[36m</label>\u001b[39m\n              \u001b[36m<div\u001b[39m\n                \u001b[33mclass\u001b[39m=\u001b[32m\"input-icon-wrapper\"\u001b[39m\n              \u001b[36m>\u001b[39m\n                \u001b[36m<input\u001b[39m\n                  \u001b[33mclass\u001b[39m=\u001b[32m\"form-control\"\u001b[39m\n                  \u001b[33mplaceholder\u001b[39m=\u001b[32m\"Tu nombre\"\u001b[39m\n                  \u001b[33mtype\u001b[39m=\u001b[32m\"text\"\u001b[39m\n                  \u001b[33mvalue\u001b[39m=\u001b[32m\"\"\u001b[39m\n                \u001b[36m/>\u001b[39m\n                \u001b[36m<svg\u001b[39m\n                  \u001b[33mclass\u001b[39m=\u001b[32m\"input-icon\"\u001b[39m\n                  \u001b[33mfill\u001b[39m=\u001b[32m\"currentColor\"\u001b[39m\n                  \u001b[33mheight\u001b[39m=\u001b[32m\"1em\"\u001b[39m\n                  \u001b[33mstroke\u001b[39m=\u001b[32m\"currentColor\"\u001b[39m\n                  \u001b[33mstroke-width\u001b[39m=\u001b[32m\"0\"\u001b[39m\n                  \u001b[33mviewBox\u001b[39m=\u001b[32m\"0 0 448 512\"\u001b[39m\n                  \u001b[33mwidth\u001b[39m=\u001b[32m\"1em\"\u001b[39m\n                  \u001b[33mxmlns\u001b[39m=\u001b[32m\"http://www.w3.org/2000/svg\"\u001b[39m\n                \u001b[36m>\u001b[39m\n                  \u001b[36m<path\u001b[39m\n                    \u001b[33md\u001b[39m=\u001b[32m\"M224 256c70.7 0 128-57.3 128-128S294.7 0 224 0 96 57.3 96 128s57.3 128 128 128zm89.6 32h-16.7c-22.2 10.2-46.9 16-72.9 16s-50.6-5.8-72.9-16h-16.7C60.2 288 0 348.2 0 422.4V464c0 26.5 21.5 48 48 48h352c26.5 0 48-21.5 48-48v-41.6c0-74.2-60.2-134.4-134.4-134.4z\"\u001b[39m\n                  \u001b[36m/>\u001b[39m\n                \u001b[36m</svg>\u001b[39m\n              \u001b[36m</div>\u001b[39m\n            \u001b[36m</div>\u001b[39m\n            \u001b[36m<div\u001b[39m\n              \u001b[33mclass\u001b[39m=\u001b[32m\"form-group\"\u001b[39m\n            \u001b[36m>\u001b[39m\n              \u001b[36m<label\u001b[39m\n                \u001b[33mclass\u001b[39m=\u001b[32m\"form-label\"\u001b[39m\n                \u001b[33mfor\u001b[39m=\u001b[32m\"apellidos\"\u001b[39m\n              \u001b[36m>\u001b[39m\n                \u001b[0mApellidos\u001b[0m\n              \u001b[36m</label>\u001b[39m\n              \u001b[36m<div\u001b[39m\n                \u001b[33mclass\u001b[39m=\u001b[32m\"input-icon-wrapper\"\u001b[39m\n              \u001b[36m>\u001b[39m\n                \u001b[36m<input\u001b[39m\n                  \u001b[33mclass\u001b[39m=\u001b[32m\"form-control\"\u001b[39m\n                  \u001b[33mplaceholder\u001b[39m=\u001b[32m\"Tus apellidos\"\u001b[39m\n                  \u001b[33mtype\u001b[39m=\u001b[32m\"text\"\u001b[39m\n                  \u001b[33mvalue\u001b[39m=\u001b[32m\"\"\u001b[39m\n                \u001b[36m/>\u001b[39m\n                \u001b[36m<svg\u001b[39m\n                  \u001b[33mclass\u001b[39m=\u001b[32m\"input-icon\"\u001b[39m\n                  \u001b[33mfill\u001b[39m=\u001b[32m\"currentColor\"\u001b[39m\n                  \u001b[33mheight\u001b[39m=\u001b[32m\"1em\"\u001b[39m\n                  \u001b[33mstroke\u001b[39m=\u001b[32m\"currentColor\"\u001b[39m\n                  \u001b[33mstroke-width\u001b[39m=\u001b[32m\"0\"\u001b[39m\n                  \u001b[33mviewBox\u001b[39m=\u001b[32m\"0 0 448 512\"\u001b[39m\n                  \u001b[33mwidth\u001b[39m=\u001b[32m\"1em\"\u001b[39m\n                  \u001b[33mxmlns\u001b[39m=\u001b[32m\"http://www.w3.org/2000/svg\"\u001b[39m\n                \u001b[36m>\u001b[39m\n                  \u001b[36m<path\u001b[39m\n                    \u001b[33md\u001b[39m=\u001b[32m\"M224 256c70.7 0 128-57.3 128-128S294.7 0 224 0 96 57.3 96 128s57.3 128 128 128zm89.6 32h-16.7c-22.2 10.2-46.9 16-72.9 16s-50.6-5.8-72.9-16h-16.7C60.2 288 0 348.2 0 422.4V464c0 26.5 21.5 48 48 48h352c26.5 0 48-21.5 48-48v-41.6c0-74.2-60.2-134.4-134.4-134.4z\"\u001b[39m\n                  \u001b[36m/>\u001b[39m\n                \u001b[36m</svg>\u001b[39m\n              \u001b[36m</div>\u001b[39m\n            \u001b[36m</div>\u001b[39m\n          \u001b[36m</div>\u001b[39m\n          \u001b[36m<div\u001b[39m\n            \u001b[33mclass\u001b[39m=\u001b[32m\"form-group\"\u001b[39m\n          \u001b[36m>\u001b[39m\n            \u001b[36m<label\u001b[39m\n              \u001b[33mclass\u001b[39m=\u001b[32m\"form-label\"\u001b[39m\n              \u001b[33mfor\u001b[39m=\u001b[32m\"email\"\u001b[39m\n            \u001b[36m>\u001b[39m\n              \u001b[0mCorreo\u001b[0m\n            \u001b[36m</label>\u001b[39m\n            \u001b[36m<div\u001b[39m\n              \u001b[33mclass\u001b[39m=\u001b[32m\"input-icon-wrapper\"\u001b[39m\n            \u001b[36m>\u001b[39m\n              \u001b[36m<input\u001b[39m\n                \u001b[33mclass\u001b[39m=\u001b[32m\"form-control\"\u001b[39m\n                \u001b[33mplaceholder\u001b[39m=\u001b[32m\"ejemplo@duoc.cl\"\u001b[39m\n                \u001b[33mtype\u001b[39m=\u001b[32m\"email\"\u001b[39m\n                \u001b[33mvalue\u001b[39m=\u001b[32m\"\"\u001b[39m\n              \u001b[36m/>\u001b[39m\n              \u001b[36m<svg\u001b[39m\n                \u001b[33mclass\u001b[39m=\u001b[32m\"input-icon\"\u001b[39m\n                \u001b[33mfill\u001b[39m=\u001b[32m\"currentColor\"\u001b[39m\n                \u001b[33mheight\u001b[39m=\u001b[32m\"1em\"\u001b[39m\n                \u001b[33mstroke\u001b[39m=\u001b[32m\"currentColor\"\u001b[39m\n                \u001b[33mstroke-width\u001b[39m=\u001b[32m\"0\"\u001b[39m\n                \u001b[33mviewBox\u001b[39m=\u001b[32m\"0 0 512 512\"\u001b[39m\n                \u001b[33mwidth\u001b[39m=\u001b[32m\"1em\"\u001b[39m\n                \u001b[33mxmlns\u001b[39m=\u001b[32m\"http://www.w3.org/2000/svg\"\u001b[39m\n              \u001b[36m>\u001b[39m\n                \u001b[36m<path\u001b[39m\n                  \u001b[33md\u001b[39m=\u001b[32m\"M502.3 190.8c3.9-3.1 9.7-.2 9.7 4.7V400c0 26.5-21.5 48-48 48H48c-26.5 0-48-21.5-48-48V195.6c0-5 5.7-7.8 9.7-4.7 22.4 17.4 52.1 39.5 154.1 113.6 21.1 15.4 56.7 47.8 92.2 47.6 35.7.3 72-32.8 92.3-47.6 102-74.1 131.6-96.3 154-113.7zM256 320c23.2.4 56.6-29.2 73.4-41.4 132.7-96.3 142.8-104.7 173.4-128.7 5.8-4.5 9.2-11.5 9.2-18.9v-19c0-26.5-21.5-48-48-48H48C21.5 64 0 85.5 0 112v19c0 7.4 3.4 14.3 9.2 18.9 30.6 23.9 40.7 32.4 173.4 128.7 16.8 12.2 50.2 41.8 73.4 41.4z\"\u001b[39m\n                \u001b[36m/>\u001b[39m\n              \u001b[36m</svg>\u001b[39m\n            \u001b[36m</div>\u001b[39m\n          \u001b[36m</div>\u001b[39m\n          \u001b[36m<h4\u001b[39m\n            \u001b[33mclass\u001b[39m=\u001b[32m\"mb-2\"\u001b[39m\n          \u001b[36m>\u001b[39m\n            \u001b[0mDirecci├│n de Env├¡o\u001b[0m\n          \u001b[36m</h4>\u001b[39m\n          \u001b[36m<div\u001b[39m\n            \u001b[33mclass\u001b[39m=\u001b[32m\"grid form-grid-2\"\u001b[39m\n          \u001b[36m>\u001b[39m\n            \u001b[36m<div\u001b[39m\n              \u001b[33mclass\u001b[39m=\u001b[32m\"form-group\"\u001b[39m\n            \u001b[36m>\u001b[39m\n              \u001b[36m<label\u001b[39m\n                \u001b[33mclass\u001b[39m=\u001b[32m\"form-label\"\u001b[39m\n                \u001b[33mfor\u001b[39m=\u001b[32m\"region\"\u001b[39m\n              \u001b[36m>\u001b[39m\n                \u001b[0mRegi├│n\u001b[0m\n              \u001b[36m</label>\u001b[39m\n              \u001b[36m<div\u001b[39m\n                \u001b[33mclass\u001b[39m=\u001b[32m\"input-icon-wrapper\"\u001b[39m\n              \u001b[36m>\u001b[39m\n                \u001b[36m<select\u001b[39m\n                  \u001b[33mclass\u001b[39m=\u001b[32m\"form-control\"\u001b[39m\n                \u001b[36m>\u001b[39m\n                  \u001b[36m<option\u001b[39m\n                    \u001b[33mvalue\u001b[39m=\u001b[32m\"\"\u001b[39m\n                  \u001b[36m>\u001b[39m\n                    \u001b[0mSelecciona una Regi├│n\u001b[0m\n                  \u001b[36m</option>\u001b[39m\n                  \u001b[36m<option\u001b[39m\n                    \u001b[33mvalue\u001b[39m=\u001b[32m\"Regi├│n de Arica y Parinacota\"\u001b[39m\n ...\n    at Object.getElementError (C:\\Users\\JOAQUIN\\Desktop\\Peluchemania\\NuevoProyecto\\node_modules\\@testing-library\\dom\\dist\\config.js:37:19)\n    at getAllByLabelText (C:\\Users\\JOAQUIN\\Desktop\\Peluchemania\\NuevoProyecto\\node_modules\\@testing-library\\dom\\dist\\queries\\label-text.js:108:40)\n    at C:\\Users\\JOAQUIN\\Desktop\\Peluchemania\\NuevoProyecto\\node_modules\\@testing-library\\dom\\dist\\query-helpers.js:52:17\n    at C:\\Users\\JOAQUIN\\Desktop\\Peluchemania\\NuevoProyecto\\node_modules\\@testing-library\\dom\\dist\\query-helpers.js:95:19\n    at C:/Users/JOAQUIN/Desktop/Peluchemania/NuevoProyecto/__test__/registro.
[...]
36m<input\u001b[39m\n                  \u001b[33mclass\u001b[39m=\u001b[32m\"form-control\"\u001b[39m\n                  \u001b[33mplaceholder\u001b[39m=\u001b[32m\"Tu nombre\"\u001b[39m\n                  \u001b[33mtype\u001b[39m=\u001b[32m\"text\"\u001b[39m\n                  \u001b[33mvalue\u001b[39m=\u001b[32m\"Usuario\"\u001b[39m\n                \u001b[36m/>\u001b[39m\n                \u001b[36m<svg\u001b[39m\n                  \u001b[33mclass\u001b[39m=\u001b[32m\"input-icon\"\u001b[39m\n                  \u001b[33mfill\u001b[39m=\u001b[32m\"currentColor\"\u001b[39m\n                  \u001b[33mheight\u001b[39m=\u001b[32m\"1em\"\u001b[39m\n                  \u001b[33mstroke\u001b[39m=\u001b[32m\"currentColor\"\u001b[39m\n                  \u001b[33mstroke-width\u001b[39m=\u001b[32m\"0\"\u001b[39m\n                  \u001b[33mviewBox\u001b[39m=\u001b[32m\"0 0 448 512\"\u001b[39m\n                  \u001b[33mwidth\u001b[39m=\u001b[32m\"1em\"\u001b[39m\n                  \u001b[33mxmlns\u001b[39m=\u001b[32m\"http://www.w3.org/2000/svg\"\u001b[39m\n                \u001b[36m>\u001b[39m\n                  \u001b[36m<path\u001b[39m\n                    \u001b[33md\u001b[39m=\u001b[32m\"M224 256c70.7 0 128-57.3 128-128S294.7 0 224 0 96 57.3 96 128s57.3 128 128 128zm89.6 32h-16.7c-22.2 10.2-46.9 16-72.9 16s-50.6-5.8-72.9-16h-16.7C60.2 288 0 348.2 0 422.4V464c0 26.5 21.5 48 48 48h352c26.5 0 48-21.5 48-48v-41.6c0-74.2-60.2-134.4-134.4-134.4z\"\u001b[39m\n                  \u001b[36m/>\u001b[39m\n                \u001b[36m</svg>\u001b[39m\n              \u001b[36m</div>\u001b[39m\n            \u001b[36m</div>\u001b[39m\n            \u001b[36m<div\u001b[39m\n              \u001b[33mclass\u001b[39m=\u001b[32m\"form-group\"\u001b[39m\n            \u001b[36m>\u001b[39m\n              \u001b[36m<label\u001b[39m\n                \u001b[33mclass\u001b[39m=\u001b[32m\"form-label\"\u001b[39m\n                \u001b[33mfor\u001b[39m=\u001b[32m\"apellidos\"\u001b[39m\n              \u001b[36m>\u001b[39m\n                \u001b[0mApellidos\u001b[0m\n              \u001b[36m</label>\u001b[39m\n              \u001b[36m<div\u001b[39m\n                \u001b[33mclass\u001b[39m=\u001b[32m\"input-icon-wrapper\"\u001b[39m\n              \u001b[36m>\u001b[39m\n                \u001b[36m<input\u001b[39m\n                  \u001b[33mclass\u001b[39m=\u001b[32m\"form-control\"\u001b[39m\n                  \u001b[33mplaceholder\u001b[39m=\u001b[32m\"Tus apellidos\"\u001b[39m\n                  \u001b[33mtype\u001b[39m=\u001b[32m\"text\"\u001b[39m\n                  \u001b[33mvalue\u001b[39m=\u001b[32m\"Prueba\"\u001b[39m\n                \u001b[36m/>\u001b[39m\n                \u001b[36m<svg\u001b[39m\n                  \u001b[33mclass\u001b[39m=\u001b[32m\"input-icon\"\u001b[39m\n                  \u001b[33mfill\u001b[39m=\u001b[32m\"currentColor\"\u001b[39m\n                  \u001b[33mheight\u001b[39m=\u001b[32m\"1em\"\u001b[39m\n                  \u001b[33mstroke\u001b[39m=\u001b[32m\"currentColor\"\u001b[39m\n                  \u001b[33mstroke-width\u001b[39m=\u001b[32m\"0\"\u001b[39m\n                  \u001b[33mviewBox\u001b[39m=\u001b[32m\"0 0 448 512\"\u001b[39m\n                  \u001b[33mwidth\u001b[39m=\u001b[32m\"1em\"\u001b[39m\n                  \u001b[33mxmlns\u001b[39m=\u001b[32m\"http://www.w3.org/2000/svg\"\u001b[39m\n                \u001b[36m>\u001b[39m\n                  \u001b[36m<path\u001b[39m\n                    \u001b[33md\u001b[39m=\u001b[32m\"M224 256c70.7 0 128-57.3 128-128S294.7 0 224 0 96 57.3 96 128s57.3 128 128 128zm89.6 32h-16.7c-22.2 10.2-46.9 16-72.9 16s-50.6-5.8-72.9-16h-16.7C60.2 288 0 348.2 0 422.4V464c0 26.5 21.5 48 48 48h352c26.5 0 48-21.5 48-48v-41.6c0-74.2-60.2-134.4-134.4-134.4z\"\u001b[39m\n                  \u001b[36m/>\u001b[39m\n                \u001b[36m</svg>\u001b[39m\n              \u001b[36m</div>\u001b[39m\n            \u001b[36m</div>\u001b[39m\n          \u001b[36m</div>\u001b[39m\n          \u001b[36m<div\u001b[39m\n            \u001b[33mclass\u001b[39m=\u001b[32m\"form-group\"\u001b[39m\n          \u001b[36m>\u001b[39m\n            \u001b[36m<label\u001b[39m\n              \u001b[33mclass\u001b[39m=\u001b[32m\"form-label\"\u001b[39m\n              \u001b[33mfor\u001b[39m=\u001b[32m\"email\"\u001b[39m\n            \u001b[36m>\u001b[39m\n              \u001b[0mCorreo\u001b[0m\n            \u001b[36m</label>\u001b[39m\n            \u001b[36m<div\u001b[39m\n              \u001b[33mclass\u001b[39m=\u001b[32m\"input-icon-wrapper\"\u001b[39m\n            \u001b[36m>\u001b[39m\n              \u001b[36m<input\u001b[39m\n                \u001b[33mclass\u001b[39m=\u001b[32m\"form-control\"\u001b[39m\n                \u001b[33mplaceholder\u001b[39m=\u001b[32m\"ejemplo@duoc.cl\"\u001b[39m\n                \u001b[33mtype\u001b[39m=\u001b[32m\"email\"\u001b[39m\n                \u001b[33mvalue\u001b[39m=\u001b[32m\"test@test.com\"\u001b[39m\n              \u001b[36m/>\u001b[39m\n              \u001b[36m<svg\u001b[39m\n                \u001b[33mclass\u001b[39m=\u001b[32m\"input-icon\"\u001b[39m\n                \u001b[33mfill\u001b[39m=\u001b[32m\"currentColor\"\u001b[39m\n                \u001b[33mheight\u001b[39m=\u001b[32m\"1em\"\u001b[39m\n                \u001b[33mstroke\u001b[39m=\u001b[32m\"currentColor\"\u001b[39m\n                \u001b[33mstroke-width\u001b[39m=\u001b[32m\"0\"\u001b[39m\n                \u001b[33mviewBox\u001b[39m=\u001b[32m\"0 0 512 512\"\u001b[39m\n                \u001b[33mwidth\u001b[39m=\u001b[32m\"1em\"\u001b[39m\n                \u001b[33mxmlns\u001b[39m=\u001b[32m\"http://www.w3.org/2000/svg\"\u001b[39m\n              \u001b[36m>\u001b[39m\n                \u001b[36m<path\u001b[39m\n                  \u001b[33md\u001b[39m=\u001b[32m\"M502.3 190.8c3.9-3.1 9.7-.2 9.7 4.7V400c0 26.5-21.5 48-48 48H48c-26.5 0-48-21.5-48-48V195.6c0-5 5.7-7.8 9.7-4.7 22.4 17.4 52.1 39.5 154.1 113.6 21.1 15.4 56.7 47.8 92.2 47.6 35.7.3 72-32.8 92.3-47.6 102-74.1 131.6-96.3 154-113.7zM256 320c23.2.4 56.6-29.2 73.4-41.4 132.7-96.3 142.8-104.7 173.4-128.7 5.8-4.5 9.2-11.5 9.2-18.9v-19c0-26.5-21.5-48-48-48H48C21.5 64 0 85.5 0 112v19c0 7.4 3.4 14.3 9.2 18.9 30.6 23.9 40.7 32.4 173.4 128.7 16.8 12.2 50.2 41.8 73.4 41.4z\"\u001b[39m\n                \u001b[36m/>\u001b[39m\n              \u001b[36m</svg>\u001b[39m\n            \u001b[36m</div>\u001b[39m\n          \u001b[36m</div>\u001b[39m\n          \u001b[36m<h4\u001b[39m\n            \u001b[33mclass\u001b[39m=\u001b[32m\"mb-2\"\u001b[39m\n          \u001b[36m>\u001b[39m\n            \u001b[0mDirecci├│n de Env├¡o\u001b[0m\n          \u001b[36m</h4>\u001b[39m\n          \u001b[36m<div\u001b[39m\n            \u001b[33mclass\u001b[39m=\u001b[32m\"grid form-grid-2\"\u001b[39m\n          \u001b[36m>\u001b[39m\n            \u001b[36m<div\u001b[39m\n              \u001b[33mclass\u001b[39m=\u001b[32m\"form-group\"\u001b[39m\n            \u001b[36m>\u001b[39m\n              \u001b[36m<label\u001b[39m\n                \u001b[33mclass\u001b[39m=\u001b[32m\"form-label\"\u001b[39m\n                \u001b[33mfor\u001b[39m=\u001b[32m\"region\"\u001b[39m\n              \u001b[36m>\u001b[39m\n                \u001b[0mRegi├│n\u001b[0m\n              \u001b[36m</label>\u001b[39m\n              \u001b[36m<div\u001b[39m\n                \u001b[33mclass\u001b[39m=\u001b[32m\"input-icon-wrapper\"\u001b[39m\n              \u001b[36m>\u001b[39m\n                \u001b[36m<select\u001b[39m\n                  \u001b[33mclass\u001b[39m=\u001b[32m\"form-control\"\u001b[39m\n                \u001b[36m>\u001b[39m\n                  \u001b[36m<option\u001b[39m\n                    \u001b[33mvalue\u001b[39m=\u001b[32m\"\"\u001b[39m\n                  \u001b[36m>\u001b[39m\n                    \u001b[0mSelecciona una Regi├│n\u001b[0m\n                  \u001b[36m</option>\u001b[39m\n                  \u001b[36m<option\u001b[39m\n                    \u001b[33mvalue\u001b[39m=\u001b[32m\"Regi├│n de ...\n    at Object.getElementError (C:\\Users\\JOAQUIN\\Desktop\\Peluchemania\\NuevoProyecto\\node_modules\\@testing-library\\dom\\dist\\config.js:37:19)\n    at getAllByLabelText (C:\\Users\\JOAQUIN\\Desktop\\Peluchemania\\NuevoProyecto\\node_modules\\@testing-library\\dom\\dist\\queries\\label-text.js:108:40)\n    at C:\\Users\\JOAQUIN\\Desktop\\Peluchemania\\NuevoProyecto\\node_modules\\@testing-library\\dom\\dist\\query-helpers.js:52:17\n    at C:\\Users\\JOAQUIN\\Desktop\\Peluchemania\\NuevoProyecto\\node_modules\\@testing-library\\dom\\dist\\query-helpers.js:95:19\n    at fillValidForm (C:/Users/JOAQUIN/Desktop/Peluchemania/NuevoProyecto/__test__/registro.test.jsx:123:37)\n    at C:/Users/JOAQUIN/Desktop/Peluchemania/NuevoProyecto/__test__/registro.test.jsx:189:5\n    at file:///C:/Users/JOAQUIN/Desktop/Peluchemania/NuevoProyecto/node_modules/@vitest/runner/dist/index.js:753:20"],"meta":{}},{"ancestorTitles":["Componente: RegisterForm"],"fullName":"Componente: RegisterForm deber├¡a mostrar un error de conexi├│n si fetch es rechazado (error de red)","status":"failed","title":"deber├¡a mostrar un error de conexi├│n si fetch es rechazado (error de red)","duration":585.7671999999993,"failureMessages":["TestingLibraryElementError: Found a label with the text of: /regi├│n/i, however no form control was found associated to that label. Make sure you're using the \"for\" attribute or \"aria-labelledby\" attribute correctly.\n\nIgnored nodes: comments, script, style\n\u001b[36m<body>\u001b[39m\n  \u001b[36m<div>\u001b[39m\n    \u001b[36m<div\u001b[39m\n      \u001b[33mclass\u001b[39m=\u001b[32m\"container\"\u001b[39m\n      \u001b[33mstyle\u001b[39m=\u001b[32m\"padding-top: 3rem; padding-bottom: 3rem;\"\u001b[39m\n    \u001b[36m>\u001b[39m\n      \u001b[36m<div\u001b[39m\n        \u001b[33mclass\u001b[39m=\u001b[32m\"form-shell\"\u001b[39m\n      \u001b[36m>\u001b[39m\n        \u001b[36m<h2>\u001b[39m\n          \u001b[0mCrear Cuenta\u001b[0m\n        \u001b[36m</h2>\u001b[39m\n        \u001b[36m<form\u001b[39m\n          \u001b[33mnovalidate\u001b[39m=\u001b[32m\"\"\u001b[39m\n        \u001b[36m>\u001b[39m\n          \u001b[36m<div\u001b[39m\n            \u001b[33mclass\u001b[39m=\u001b[32m\"grid form-grid-2\"\u001b[39m\n          \u001b[36m>\u001b[39m\n            \u001b[36m<div\u001b[39m\n              \u001b[33mclass\u001b[39m=\u001b[32m\"form-group\"\u001b[39m\n            \u001b[36m>\u001b[39m\n              \u001b[36m<label\u001b[39m\n                \u001b[33mclass\u001b[39m=\u001b[32m\"form-label\"\u001b[39m\n                \u001b[33mfor\u001b[39m=\u001b[32m\"nombre\"\u001b[39m\n              \u001b[36m>\u001b[39m\n                \u001b[0mNombre\u001b[0m\n              \u001b[36m</label>\u001b[39m\n              \u001b[36m<div\u001b[39m\n                \u001b[33mclass\u001b[39m=\u001b[32m\"input-icon-wrapper\"\u001b[39m\n              \u001b[36m>\u001b[39m\n                \u001b[36m<input\u001b[39m\n                  \u001b[33mclass\u001b[39m=\u001b[32m\"form-control\"\u001b[39m\n                  \u001b[33mplaceholder\u001b[39m=\u001b[32m\"Tu nombre\"\u001b[39m\n                  \u001b[33mtype\u001b[39m=\u001b[32m\"text\"\u001b[39m\n                  \u001b[33mvalue\u001b[39m=\u001b[32m\"Usuario\"\u001b[39m\n                \u001b[36m/>\u001b[39m\n                \u001b[36m<svg\u001b[39m\n                  \u001b[33mclass\u001b[39m=\u001b[32m\"input-icon\"\u001b[39m\n                  \u001b[33mfill\u001b[39m=\u001b[32m\"currentColor\"\u001b[39m\n                  \u001b[33mheight\u001b[39m=\u001b[32m\"1em\"\u001b[39m\n                  \u001b[33mstroke\u001b[39m=\u001b[32m\"currentColor\"\u001b[39m\n                  \u001b[33mstroke-width\u001b[39m=\u001b[32m\"0\"\u001b[39m\n                  \u001b[33mviewBox\u001b[39m=\u001b[32m\"0 0 448 512\"\u001b[39m\n                  \u001b[33mwidth\u001b[39m=\u001b[32m\"1em\"\u001b[39m\n                  \u001b[33mxmlns\u001b[39m=\u001b[32m\"http://www.w3.org/2000/svg\"\u001b[39m\n                \u001b[36m>\u001b[39m\n                  \u001b[36m<path\u001b[39m\n                    \u001b[33md\u001b[39m=\u001b[32m\"M224 256c70.7 0 128-57.3 128-128S294.7 0 224 0 96 57.3 96 128s57.3 128 128 128zm89.6 32h-16.7c-22.2 10.2-46.9 16-72.9 16s-50.6-5.8-72.9-16h-16.7C60.2 288 0 348.2 0 422.4V464c0 26.5 21.5 48 48 48h352c26.5 0 48-21.5 48-48v-41.6c0-74.2-60.2-134.4-134.4-134.4z\"\u001b[39m\n                  \u001b[36m/>\u001b[39m\n                \u001b[36m</svg>\u001b[39m\n              \u001b[36m</div>\u001b[39m\n            \u001b[36m</div>\u001b[39m\n            \u001b[36m<div\u001b[39m\n              \u001b[33mclass\u001b[39m=\u001b[32m\"form-group\"\u001b[39m\n            \u001b[36m>\u001b[39m\n              \u001b[36m<label\u001b[39m\n                \u001b[33mclass\u001b[39m=\u001b[32m\"form-label\"\u001b[39m\n                \u001b[33mfor\u001b[39m=\u001b[32m\"apellidos\"\u001b[39m\n              \u001b[36m>\u001b[39m\n                \u001b[0mApellidos\u001b[0m\n              \u001b[36m</label>\u001b[39m\n              \u001b[36m<div\u001b[39m\n                \u001b[33mclass\u001b[39m=\u001b[32m\"input-icon-wrapper\"\u001b[39m\n              \u001b[36m>\u001b[39m\n                \u001b[36m<input\u001b[39m\n                  \u001b[33mclass\u001b[39m=\u001b[32m\"form-control\"\u001b[39m\n                  \u001b[33mplaceholder\u001b[39m=\u001b[32m\"Tus apellidos\"\u001b[39m\n                  \u001b[33mtype\u001b[39m=\u001b[32m\"text\"\u001b[39m\n                  \u001b[33mvalue\u001b[39m=\u001b[32m\"Prueba\"\u001b[39m\n                \u001b[36m/>\u001b[39m\n                \u001b[36m<svg\u001b[39m\n                  \u001b[33mclass\u001b[39m=\u001b[32m\"input-icon\"\u001b[39m\n                  \u001b[33mfill\u001b[39m=\u001b[32m\"currentColor\"\u001b[39m\n                  \u001b[33mheight\u001b[39m=\u001b[32m\"1em\"\u001b[39m\n                  \u001b[33mstroke\u001b[39m=\u001b[32m\"currentColor\"\u001b[39m\n                  \u001b[33mstroke-width\u001b[39m=\u001b[32m\"0\"\u001b[39m\n                  \u001b[33mviewBox\u001b[39m=\u001b[32m\"0 0 448 512\"\u001b[39m\n                  \u001b[33mwidth\u001b[39m=\u001b[32m\"1em\"\u001b[39m\n                  \u001b[33mxmlns\u001b[39m=\u001b[32m\"http://www.w3.org/2000/svg\"\u001b[39m\n                \u001b[36m>\u001b[39m\n                  \u001b[36m<path\u001b[39m\n                    \u001b[33md\u001b[39m=\u001b[32m\"M224 256c70.7 0 128-57.3 128-128S294.7 0 224 0 96 57.3 96 128s57.3 128 128 128zm89.6 32h-16.7c-22.2 10.2-46.9 16-72.9 16s-50.6-5.8-72.9-16h-16.7C60.2 288 0 348.2 0 422.4V464c0 26.5 21.5 48 48 48h352c26.5 0 48-21.5 48-48v-41.6c0-74.2-60.2-134.4-134.4-134.4z\"\u001b[39m\n                  \u001b[36m/>\u001b[39m\n                \u001b[36m</svg>\u001b[39m\n              \u001b[36m</div>\u001b[39m\n            \u001b[36m</div>\u001b[39m\n          \u001b[36m</div>\u001b[39m\n          \u001b[36m<div\u001b[39m\n            \u001b[33mclass\u001b[39m=\u001b[32m\"form-group\"\u001b[39m\n          \u001b[36m>\u001b[39m\n            \u001b[36m<label\u001b[39m\n              \u001b[33mclass\u001b[39m=\u001b[32m\"form-label\"\u001b[39m\n              \u001b[33mfor\u001b[39m=\u001b[32m\"email\"\u001b[39m\n            \u001b[36m>\u001b[39m\n              \u001b[0mCorreo\u001b[0m\n            \u001b[36m</label>\u001b[39m\n            \u001b[36m<div\u001b[39m\n              \u001b[33mclass\u001b[39m=\u001b[32m\"input-icon-wrapper\"\u001b[39m\n            \u001b[36m>\u001b[39m\n              \u001b[36m<input\u001b[39m\n                \u001b[33mclass\u001b[39m=\u001b[32m\"form-control\"\u001b[39m\n                \u001b[33mplaceholder\u001b[39m=\u001b[32m\"ejemplo@duoc.cl\"\u001b[39m\n                \u001b[33mtype\u001b[39m=\u001b[32m\"email\"\u001b[39m\n                \u001b[33mvalue\u001b[39m=\u001b[32m\"test@test.com\"\u001b[39m\n              \u001b[36m/>\u001b[39m\n              \u001b[36m<svg\u001b[39m\n                \u001b[33mclass\u001b[39m=\u001b[32m\"input-icon\"\u001b[39m\n                \u001b[33mfill\u001b[39m=\u001b[32m\"currentColor\"\u001b[39m\n                \u001b[33mheight\u001b[39m=\u001b[32m\"1em\"\u001b[39m\n                \u001b[33mstroke\u001b[39m=\u001b[32m\"currentColor\"\u001b[39m\n                \u001b[33mstroke-width\u001b[39m=\u001b[32m\"0\"\u001b[39m\n                \u001b[33mviewBox\u001b[39m=\u001b[32m\"0 0 512 512\"\u001b[39m\n                \u001b[33mwidth\u001b[39m=\u001b[32m\"1em\"\u001b[39m\n                \u001b[33mxmlns\u001b[39m=\u001b[32m\"http://www.w3.org/2000/svg\"\u001b[39m\n              \u001b[36m>\u001b[39m\n                \u001b[36m<path\u001b[39m\n                  \u001b[33md\u001b[39m=\u001b[32m\"M502.3 190.8c3.9-3.1 9.7-.2 9.7 4.7V400c0 26.5-21.5 48-48 48H48c-26.5 0-48-21.5-48-48V195.6c0-5 5.7-7.8 9.7-4.7 22.4 17.4 52.1 39.5 154.1 113.6 21.1 15.4 56.7 47.8 92.2 47.6 35.7.3 72-32.8 92.3-47.6 102-74.1 131.6-96.3 154-113.7zM256 320c23.2.4 56.6-29.2 73.4-41.4 132.7-96.3 142.8-104.7 173.4-128.7 5.8-4.5 9.2-11.5 9.2-18.9v-19c0-26.5-21.5-48-48-48H48C21.5 64 0 85.5 0 112v19c0 7.4 3.4 14.3 9.2 18.9 30.6 23.9 40.7 32.4 173.4 128.7 16.8 12.2 50.2 41.8 73.4 41.4z\"\u001b[39m\n                \u001b[36m/>\u001b[39m\n              \u001b[36m</svg>\u001b[39m\n            \u001b[36m</div>\u001b[39m\n          \u001b[36m</div>\u001b[39m\n          \u001b[36m<h4\u001b[39m\n            \u001b[33mclass\u001b[39m=\u001b[32m\"mb-2\"\u001b[39m\n          \u001b[36m>\u001b[39m\n            \u001b[0mDirecci├│n de Env├¡o\u001b[0m\n          \u001b[36m</h4>\u001b[39m\n          \u001b[36m<div\u001b[39m\n            \u001b[33mclass\u001b[39m=\u001b[32m\"grid form-grid-2\"\u001b[39m\n          \u001b[36m>\u001b[39m\n            \u001b[36m<div\u001b[39m\n              \u001b[33mclass\u001b[39m=\u001b[32m\"form-group\"\u001b[39m\n            \u001b[36m>\u001b[39m\n              \u001b[36m<label\u001b[39m\n                \u001b[33mclass\u001b[39m=\u001b[32m\"form-label\"\u001b[39m\n                \u001b[33mfor\u001b[39m=\u001b[32m\"region\"\u001b[39m\n              \u001b[36m>\u001b[39m\n                \u001b[0mRegi├│n\u001b[0m\n              \u001b[36m</label>\u001b[39m\n              \u001b[36m<div\u001b[39m\n                \u001b[33mclass\u001b[39m=\u001b[32m\"input-icon-wrapper\"\u001b[39m\n              \u001b[36m>\u001b[39m\n                \u001b[36m<select\u001b[39m\n                  \u001b[33mclass\u001b[39m=\u001b[32m\"form-control\"\u001b[39m\n                \u001b[36m>\u001b[39m\n                  \u001b[36m<option\u001b[39m\n                    \u001b[33mvalue\u001b[39m=\u001b[32m\"\"\u001b[39m\n                  \u001b[36m>\u001b[39m\n                    \u001b[0mSelecciona una Regi├│n\u001b[0m\n                  \u001b[36m</option>\u001b[39m\n                  \u001b[36m<option\u001b[39m\n                    \u001b[33mvalue\u001b[39m=\u001b[32m\"Regi├│n de ...\n    at Object.getElementError (C:\\Users\\JOAQUIN\\Desktop\\Peluchemania\\NuevoProyecto\\node_modules\\@testing-library\\dom\\dist\\config.js:37:19)\n    at getAllByLabelText (C:\\Users\\JOAQUIN\\Desktop\\Peluchemania\\NuevoProyecto\\node_modules\\@testing-library\\dom\\dist\\queries\\label-text.js:108:40)\n    at C:\\Users\\JOAQUIN\\Desktop\\Peluchemania\\NuevoProyecto\\node_modules\\@testing-library\\dom\\dist\\query-helpers.js:52:17\n    at C:\\Users\\JOAQUIN\\Desktop\\Peluchemania\\NuevoProyecto\\node_modules\\@testing-library\\dom\\dist\\query-helpers.js:95:19\n    at fillValidForm (C:/Users/JOAQUIN/Desktop/Peluchemania/NuevoProyecto/__test__/registro.test.jsx:123:37)\n    at C:/Users/JOAQUIN/Desktop/Peluchemania/NuevoProyecto/__test__/registro.test.jsx:209:5\n    at file:///C:/Users/JOAQUIN/Desktop/Peluchemania/NuevoProyecto/node_modules/@vitest/runner/dist/index.js:753:20"],"meta":{}}],"startTime":1761533265035,"endTime":1761533267667.767,"status":"failed","message":"","name":"C:/Users/JOAQUIN/Desktop/Peluchemania/NuevoProyecto/__test__/registro.test.jsx"}]}
